Determining if the __GLIBC__ exist failed with the following output:
Change Dir: /home/xinniw/Development/THESIS-sustainable_computing-dev/subtractive-joystick-demo/droid-project/app/.cxx/Debug/3y6l645h/arm64-v8a/CMakeFiles/CMakeTmp

Run Build Command(s):/home/xinniw/Android/Sdk/cmake/3.22.1/bin/ninja cmTC_18832 && [1/2] Building C object CMakeFiles/cmTC_18832.dir/CheckSymbolExists.c.o
FAILED: CMakeFiles/cmTC_18832.dir/CheckSymbolExists.c.o 
/home/xinniw/Android/Sdk/ndk/21.4.7075529/toolchains/llvm/prebuilt/linux-x86_64/bin/clang --target=aarch64-none-linux-android21 --gcc-toolchain=/home/xinniw/Android/Sdk/ndk/21.4.7075529/toolchains/llvm/prebuilt/linux-x86_64 --sysroot=/home/xinniw/Android/Sdk/ndk/21.4.7075529/toolchains/llvm/prebuilt/linux-x86_64/sysroot   -g -DANDROID -fdata-sections -ffunction-sections -funwind-tables -fstack-protector-strong -no-canonical-prefixes -D_FORTIFY_SOURCE=2 -Wformat -Werror=format-security   -fPIE -MD -MT CMakeFiles/cmTC_18832.dir/CheckSymbolExists.c.o -MF CMakeFiles/cmTC_18832.dir/CheckSymbolExists.c.o.d -o CMakeFiles/cmTC_18832.dir/CheckSymbolExists.c.o -c /home/xinniw/Development/THESIS-sustainable_computing-dev/subtractive-joystick-demo/droid-project/app/.cxx/Debug/3y6l645h/arm64-v8a/CMakeFiles/CMakeTmp/CheckSymbolExists.c
/home/xinniw/Development/THESIS-sustainable_computing-dev/subtractive-joystick-demo/droid-project/app/.cxx/Debug/3y6l645h/arm64-v8a/CMakeFiles/CMakeTmp/CheckSymbolExists.c:8:19: error: use of undeclared identifier '__GLIBC__'
  return ((int*)(&__GLIBC__))[argc];
                  ^
1 error generated.
ninja: build stopped: subcommand failed.


File /home/xinniw/Development/THESIS-sustainable_computing-dev/subtractive-joystick-demo/droid-project/app/.cxx/Debug/3y6l645h/arm64-v8a/CMakeFiles/CMakeTmp/CheckSymbolExists.c:
/* */
#include <stdlib.h>

int main(int argc, char** argv)
{
  (void)argv;
#ifndef __GLIBC__
  return ((int*)(&__GLIBC__))[argc];
#else
  (void)argc;
  return 0;
#endif
}
Performing C SOURCE FILE Test CHECK_CPU_ARCHITECTURE_X86 failed with the following output:
Change Dir: /home/xinniw/Development/THESIS-sustainable_computing-dev/subtractive-joystick-demo/droid-project/app/.cxx/Debug/3y6l645h/arm64-v8a/CMakeFiles/CMakeTmp

Run Build Command(s):/home/xinniw/Android/Sdk/cmake/3.22.1/bin/ninja cmTC_54157 && [1/2] Building C object CMakeFiles/cmTC_54157.dir/src.c.o
FAILED: CMakeFiles/cmTC_54157.dir/src.c.o 
/home/xinniw/Android/Sdk/ndk/21.4.7075529/toolchains/llvm/prebuilt/linux-x86_64/bin/clang --target=aarch64-none-linux-android21 --gcc-toolchain=/home/xinniw/Android/Sdk/ndk/21.4.7075529/toolchains/llvm/prebuilt/linux-x86_64 --sysroot=/home/xinniw/Android/Sdk/ndk/21.4.7075529/toolchains/llvm/prebuilt/linux-x86_64/sysroot -DCHECK_CPU_ARCHITECTURE_X86  -g -DANDROID -fdata-sections -ffunction-sections -funwind-tables -fstack-protector-strong -no-canonical-prefixes -D_FORTIFY_SOURCE=2 -Wformat -Werror=format-security   -fPIE -MD -MT CMakeFiles/cmTC_54157.dir/src.c.o -MF CMakeFiles/cmTC_54157.dir/src.c.o.d -o CMakeFiles/cmTC_54157.dir/src.c.o -c /home/xinniw/Development/THESIS-sustainable_computing-dev/subtractive-joystick-demo/droid-project/app/.cxx/Debug/3y6l645h/arm64-v8a/CMakeFiles/CMakeTmp/src.c
/home/xinniw/Development/THESIS-sustainable_computing-dev/subtractive-joystick-demo/droid-project/app/.cxx/Debug/3y6l645h/arm64-v8a/CMakeFiles/CMakeTmp/src.c:6:3: error: use of undeclared identifier 'choke'
  choke
  ^
1 error generated.
ninja: build stopped: subcommand failed.


Source file was:

int main(int argc, char *argv[]) {
#if defined(__i386__) || defined(__i486__) || defined(__i586__) || defined(__i686__) ||defined( __i386) || defined(_M_IX86)
  return 0;
#else
  choke
#endif
}

Performing C SOURCE FILE Test CHECK_CPU_ARCHITECTURE_X64 failed with the following output:
Change Dir: /home/xinniw/Development/THESIS-sustainable_computing-dev/subtractive-joystick-demo/droid-project/app/.cxx/Debug/3y6l645h/arm64-v8a/CMakeFiles/CMakeTmp

Run Build Command(s):/home/xinniw/Android/Sdk/cmake/3.22.1/bin/ninja cmTC_0c0fb && [1/2] Building C object CMakeFiles/cmTC_0c0fb.dir/src.c.o
FAILED: CMakeFiles/cmTC_0c0fb.dir/src.c.o 
/home/xinniw/Android/Sdk/ndk/21.4.7075529/toolchains/llvm/prebuilt/linux-x86_64/bin/clang --target=aarch64-none-linux-android21 --gcc-toolchain=/home/xinniw/Android/Sdk/ndk/21.4.7075529/toolchains/llvm/prebuilt/linux-x86_64 --sysroot=/home/xinniw/Android/Sdk/ndk/21.4.7075529/toolchains/llvm/prebuilt/linux-x86_64/sysroot -DCHECK_CPU_ARCHITECTURE_X64  -g -DANDROID -fdata-sections -ffunction-sections -funwind-tables -fstack-protector-strong -no-canonical-prefixes -D_FORTIFY_SOURCE=2 -Wformat -Werror=format-security   -fPIE -MD -MT CMakeFiles/cmTC_0c0fb.dir/src.c.o -MF CMakeFiles/cmTC_0c0fb.dir/src.c.o.d -o CMakeFiles/cmTC_0c0fb.dir/src.c.o -c /home/xinniw/Development/THESIS-sustainable_computing-dev/subtractive-joystick-demo/droid-project/app/.cxx/Debug/3y6l645h/arm64-v8a/CMakeFiles/CMakeTmp/src.c
/home/xinniw/Development/THESIS-sustainable_computing-dev/subtractive-joystick-demo/droid-project/app/.cxx/Debug/3y6l645h/arm64-v8a/CMakeFiles/CMakeTmp/src.c:6:3: error: use of undeclared identifier 'choke'
  choke
  ^
1 error generated.
ninja: build stopped: subcommand failed.


Source file was:

int main(int argc, char *argv[]) {
#if defined(__amd64__) || defined(__amd64) || defined(__x86_64__) || defined(__x86_64) || defined(_M_X64) || defined(_M_AMD64)
  return 0;
#else
  choke
#endif
}

Performing C SOURCE FILE Test CHECK_CPU_ARCHITECTURE_ARM32 failed with the following output:
Change Dir: /home/xinniw/Development/THESIS-sustainable_computing-dev/subtractive-joystick-demo/droid-project/app/.cxx/Debug/3y6l645h/arm64-v8a/CMakeFiles/CMakeTmp

Run Build Command(s):/home/xinniw/Android/Sdk/cmake/3.22.1/bin/ninja cmTC_8ebbe && [1/2] Building C object CMakeFiles/cmTC_8ebbe.dir/src.c.o
FAILED: CMakeFiles/cmTC_8ebbe.dir/src.c.o 
/home/xinniw/Android/Sdk/ndk/21.4.7075529/toolchains/llvm/prebuilt/linux-x86_64/bin/clang --target=aarch64-none-linux-android21 --gcc-toolchain=/home/xinniw/Android/Sdk/ndk/21.4.7075529/toolchains/llvm/prebuilt/linux-x86_64 --sysroot=/home/xinniw/Android/Sdk/ndk/21.4.7075529/toolchains/llvm/prebuilt/linux-x86_64/sysroot -DCHECK_CPU_ARCHITECTURE_ARM32  -g -DANDROID -fdata-sections -ffunction-sections -funwind-tables -fstack-protector-strong -no-canonical-prefixes -D_FORTIFY_SOURCE=2 -Wformat -Werror=format-security   -fPIE -MD -MT CMakeFiles/cmTC_8ebbe.dir/src.c.o -MF CMakeFiles/cmTC_8ebbe.dir/src.c.o.d -o CMakeFiles/cmTC_8ebbe.dir/src.c.o -c /home/xinniw/Development/THESIS-sustainable_computing-dev/subtractive-joystick-demo/droid-project/app/.cxx/Debug/3y6l645h/arm64-v8a/CMakeFiles/CMakeTmp/src.c
/home/xinniw/Development/THESIS-sustainable_computing-dev/subtractive-joystick-demo/droid-project/app/.cxx/Debug/3y6l645h/arm64-v8a/CMakeFiles/CMakeTmp/src.c:6:3: error: use of undeclared identifier 'choke'
  choke
  ^
1 error generated.
ninja: build stopped: subcommand failed.


Source file was:

int main(int argc, char *argv[]) {
#if defined(__arm__) || defined(_M_ARM)
  return 0;
#else
  choke
#endif
}

Performing C SOURCE FILE Test CHECK_CPU_ARCHITECTURE_LOONGARCH64 failed with the following output:
Change Dir: /home/xinniw/Development/THESIS-sustainable_computing-dev/subtractive-joystick-demo/droid-project/app/.cxx/Debug/3y6l645h/arm64-v8a/CMakeFiles/CMakeTmp

Run Build Command(s):/home/xinniw/Android/Sdk/cmake/3.22.1/bin/ninja cmTC_d670a && [1/2] Building C object CMakeFiles/cmTC_d670a.dir/src.c.o
FAILED: CMakeFiles/cmTC_d670a.dir/src.c.o 
/home/xinniw/Android/Sdk/ndk/21.4.7075529/toolchains/llvm/prebuilt/linux-x86_64/bin/clang --target=aarch64-none-linux-android21 --gcc-toolchain=/home/xinniw/Android/Sdk/ndk/21.4.7075529/toolchains/llvm/prebuilt/linux-x86_64 --sysroot=/home/xinniw/Android/Sdk/ndk/21.4.7075529/toolchains/llvm/prebuilt/linux-x86_64/sysroot -DCHECK_CPU_ARCHITECTURE_LOONGARCH64  -g -DANDROID -fdata-sections -ffunction-sections -funwind-tables -fstack-protector-strong -no-canonical-prefixes -D_FORTIFY_SOURCE=2 -Wformat -Werror=format-security   -fPIE -MD -MT CMakeFiles/cmTC_d670a.dir/src.c.o -MF CMakeFiles/cmTC_d670a.dir/src.c.o.d -o CMakeFiles/cmTC_d670a.dir/src.c.o -c /home/xinniw/Development/THESIS-sustainable_computing-dev/subtractive-joystick-demo/droid-project/app/.cxx/Debug/3y6l645h/arm64-v8a/CMakeFiles/CMakeTmp/src.c
/home/xinniw/Development/THESIS-sustainable_computing-dev/subtractive-joystick-demo/droid-project/app/.cxx/Debug/3y6l645h/arm64-v8a/CMakeFiles/CMakeTmp/src.c:6:3: error: use of undeclared identifier 'choke'
  choke
  ^
1 error generated.
ninja: build stopped: subcommand failed.


Source file was:

int main(int argc, char *argv[]) {
#if defined(__loongarch64)
  return 0;
#else
  choke
#endif
}

Determining if the include file immintrin.h exists failed with the following output:
Change Dir: /home/xinniw/Development/THESIS-sustainable_computing-dev/subtractive-joystick-demo/droid-project/app/.cxx/Debug/3y6l645h/arm64-v8a/CMakeFiles/CMakeTmp

Run Build Command(s):/home/xinniw/Android/Sdk/cmake/3.22.1/bin/ninja cmTC_65340 && [1/2] Building C object CMakeFiles/cmTC_65340.dir/CheckIncludeFile.c.o
FAILED: CMakeFiles/cmTC_65340.dir/CheckIncludeFile.c.o 
/home/xinniw/Android/Sdk/ndk/21.4.7075529/toolchains/llvm/prebuilt/linux-x86_64/bin/clang --target=aarch64-none-linux-android21 --gcc-toolchain=/home/xinniw/Android/Sdk/ndk/21.4.7075529/toolchains/llvm/prebuilt/linux-x86_64 --sysroot=/home/xinniw/Android/Sdk/ndk/21.4.7075529/toolchains/llvm/prebuilt/linux-x86_64/sysroot   -g -DANDROID -fdata-sections -ffunction-sections -funwind-tables -fstack-protector-strong -no-canonical-prefixes -D_FORTIFY_SOURCE=2 -Wformat -Werror=format-security  -idirafter "/home/xinniw/Development/THESIS-sustainable_computing-dev/subtractive-joystick-demo/droid-project/app/jni/SDL2/src/video/khronos"  -D_GNU_SOURCE=1 -fPIE -MD -MT CMakeFiles/cmTC_65340.dir/CheckIncludeFile.c.o -MF CMakeFiles/cmTC_65340.dir/CheckIncludeFile.c.o.d -o CMakeFiles/cmTC_65340.dir/CheckIncludeFile.c.o -c /home/xinniw/Development/THESIS-sustainable_computing-dev/subtractive-joystick-demo/droid-project/app/.cxx/Debug/3y6l645h/arm64-v8a/CMakeFiles/CMakeTmp/CheckIncludeFile.c
In file included from /home/xinniw/Development/THESIS-sustainable_computing-dev/subtractive-joystick-demo/droid-project/app/.cxx/Debug/3y6l645h/arm64-v8a/CMakeFiles/CMakeTmp/CheckIncludeFile.c:1:
In file included from /home/xinniw/Android/Sdk/ndk/21.4.7075529/toolchains/llvm/prebuilt/linux-x86_64/lib64/clang/9.0.9/include/immintrin.h:14:
/home/xinniw/Android/Sdk/ndk/21.4.7075529/toolchains/llvm/prebuilt/linux-x86_64/lib64/clang/9.0.9/include/mmintrin.h:50:12: error: invalid conversion between vector type '__m64' (vector of 1 'long long' value) and integer type 'int' of different size
    return (__m64)__builtin_ia32_vec_init_v2si(__i, 0);
           ^~~~~~~~~~~~~~~~~~~~~~~~~~~~~~~~~~~~~~~~~~~
/home/xinniw/Android/Sdk/ndk/21.4.7075529/toolchains/llvm/prebuilt/linux-x86_64/lib64/clang/9.0.9/include/mmintrin.h:129:12: error: invalid conversion between vector type '__m64' (vector of 1 'long long' value) and integer type 'int' of different size
    return (__m64)__builtin_ia32_packsswb((__v4hi)__m1, (__v4hi)__m2);
           ^~~~~~~~~~~~~~~~~~~~~~~~~~~~~~~~~~~~~~~~~~~~~~~~~~~~~~~~~~
/home/xinniw/Android/Sdk/ndk/21.4.7075529/toolchains/llvm/prebuilt/linux-x86_64/lib64/clang/9.0.9/include/mmintrin.h:159:12: error: invalid conversion between vector type '__m64' (vector of 1 'long long' value) and integer type 'int' of different size
    return (__m64)__builtin_ia32_packssdw((__v2si)__m1, (__v2si)__m2);
           ^~~~~~~~~~~~~~~~~~~~~~~~~~~~~~~~~~~~~~~~~~~~~~~~~~~~~~~~~~
/home/xinniw/Android/Sdk/ndk/21.4.7075529/toolchains/llvm/prebuilt/linux-x86_64/lib64/clang/9.0.9/include/mmintrin.h:189:12: error: invalid conversion between vector type '__m64' (vector of 1 'long long' value) and integer type 'int' of different size
    return (__m64)__builtin_ia32_packuswb((__v4hi)__m1, (__v4hi)__m2);
           ^~~~~~~~~~~~~~~~~~~~~~~~~~~~~~~~~~~~~~~~~~~~~~~~~~~~~~~~~~
/home/xinniw/Android/Sdk/ndk/21.4.7075529/toolchains/llvm/prebuilt/linux-x86_64/lib64/clang/9.0.9/include/mmintrin.h:216:12: error: invalid conversion between vector type '__m64' (vector of 1 'long long' value) and integer type 'int' of different size
    return (__m64)__builtin_ia32_punpckhbw((__v8qi)__m1, (__v8qi)__m2);
           ^~~~~~~~~~~~~~~~~~~~~~~~~~~~~~~~~~~~~~~~~~~~~~~~~~~~~~~~~~~
/home/xinniw/Android/Sdk/ndk/21.4.7075529/toolchains/llvm/prebuilt/linux-x86_64/lib64/clang/9.0.9/include/mmintrin.h:239:12: error: invalid conversion between vector type '__m64' (vector of 1 'long long' value) and integer type 'int' of different size
    return (__m64)__builtin_ia32_punpckhwd((__v4hi)__m1, (__v4hi)__m2);
           ^~~~~~~~~~~~~~~~~~~~~~~~~~~~~~~~~~~~~~~~~~~~~~~~~~~~~~~~~~~
/home/xinniw/Android/Sdk/ndk/21.4.7075529/toolchains/llvm/prebuilt/linux-x86_64/lib64/clang/9.0.9/include/mmintrin.h:260:12: error: invalid conversion between vector type '__m64' (vector of 1 'long long' value) and integer type 'int' of different size
    return (__m64)__builtin_ia32_punpckhdq((__v2si)__m1, (__v2si)__m2);
           ^~~~~~~~~~~~~~~~~~~~~~~~~~~~~~~~~~~~~~~~~~~~~~~~~~~~~~~~~~~
/home/xinniw/Android/Sdk/ndk/21.4.7075529/toolchains/llvm/prebuilt/linux-x86_64/lib64/clang/9.0.9/include/mmintrin.h:287:12: error: invalid conversion between vector type '__m64' (vector of 1 'long long' value) and integer type 'int' of different size
    return (__m64)__builtin_ia32_punpcklbw((__v8qi)__m1, (__v8qi)__m2);
           ^~~~~~~~~~~~~~~~~~~~~~~~~~~~~~~~~~~~~~~~~~~~~~~~~~~~~~~~~~~
/home/xinniw/Android/Sdk/ndk/21.4.7075529/toolchains/llvm/prebuilt/linux-x86_64/lib64/clang/9.0.9/include/mmintrin.h:310:12: error: invalid conversion between vector type '__m64' (vector of 1 'long long' value) and integer type 'int' of different size
    return (__m64)__builtin_ia32_punpcklwd((__v4hi)__m1, (__v4hi)__m2);
           ^~~~~~~~~~~~~~~~~~~~~~~~~~~~~~~~~~~~~~~~~~~~~~~~~~~~~~~~~~~
/home/xinniw/Android/Sdk/ndk/21.4.7075529/toolchains/llvm/prebuilt/linux-x86_64/lib64/clang/9.0.9/include/mmintrin.h:331:12: error: invalid conversion between vector type '__m64' (vector of 1 'long long' value) and integer type 'int' of different size
    return (__m64)__builtin_ia32_punpckldq((__v2si)__m1, (__v2si)__m2);
           ^~~~~~~~~~~~~~~~~~~~~~~~~~~~~~~~~~~~~~~~~~~~~~~~~~~~~~~~~~~
/home/xinniw/Android/Sdk/ndk/21.4.7075529/toolchains/llvm/prebuilt/linux-x86_64/lib64/clang/9.0.9/include/mmintrin.h:352:12: error: invalid conversion between vector type '__m64' (vector of 1 'long long' value) and integer type 'int' of different size
    return (__m64)__builtin_ia32_paddb((__v8qi)__m1, (__v8qi)__m2);
           ^~~~~~~~~~~~~~~~~~~~~~~~~~~~~~~~~~~~~~~~~~~~~~~~~~~~~~~
/home/xinniw/Android/Sdk/ndk/21.4.7075529/toolchains/llvm/prebuilt/linux-x86_64/lib64/clang/9.0.9/include/mmintrin.h:373:12: error: invalid conversion between vector type '__m64' (vector of 1 'long long' value) and integer type 'int' of different size
    return (__m64)__builtin_ia32_paddw((__v4hi)__m1, (__v4hi)__m2);
           ^~~~~~~~~~~~~~~~~~~~~~~~~~~~~~~~~~~~~~~~~~~~~~~~~~~~~~~
/home/xinniw/Android/Sdk/ndk/21.4.7075529/toolchains/llvm/prebuilt/linux-x86_64/lib64/clang/9.0.9/include/mmintrin.h:394:12: error: invalid conversion between vector type '__m64' (vector of 1 'long long' value) and integer type 'int' of different size
    return (__m64)__builtin_ia32_paddd((__v2si)__m1, (__v2si)__m2);
           ^~~~~~~~~~~~~~~~~~~~~~~~~~~~~~~~~~~~~~~~~~~~~~~~~~~~~~~
/home/xinniw/Android/Sdk/ndk/21.4.7075529/toolchains/llvm/prebuilt/linux-x86_64/lib64/clang/9.0.9/include/mmintrin.h:416:12: error: invalid conversion between vector type '__m64' (vector of 1 'long long' value) and integer type 'int' of different size
    return (__m64)__builtin_ia32_paddsb((__v8qi)__m1, (__v8qi)__m2);
           ^~~~~~~~~~~~~~~~~~~~~~~~~~~~~~~~~~~~~~~~~~~~~~~~~~~~~~~~
/home/xinniw/Android/Sdk/ndk/21.4.7075529/toolchains/llvm/prebuilt/linux-x86_64/lib64/clang/9.0.9/include/mmintrin.h:439:12: error: invalid conversion between vector type '__m64' (vector of 1 'long long' value) and integer type 'int' of different size
    return (__m64)__builtin_ia32_paddsw((__v4hi)__m1, (__v4hi)__m2);
           ^~~~~~~~~~~~~~~~~~~~~~~~~~~~~~~~~~~~~~~~~~~~~~~~~~~~~~~~
/home/xinniw/Android/Sdk/ndk/21.4.7075529/toolchains/llvm/prebuilt/linux-x86_64/lib64/clang/9.0.9/include/mmintrin.h:461:12: error: invalid conversion between vector type '__m64' (vector of 1 'long long' value) and integer type 'int' of different size
    return (__m64)__builtin_ia32_paddusb((__v8qi)__m1, (__v8qi)__m2);
           ^~~~~~~~~~~~~~~~~~~~~~~~~~~~~~~~~~~~~~~~~~~~~~~~~~~~~~~~~
/home/xinniw/Android/Sdk/ndk/21.4.7075529/toolchains/llvm/prebuilt/linux-x86_64/lib64/clang/9.0.9/include/mmintrin.h:483:12: error: invalid conversion between vector type '__m64' (vector of 1 'long long' value) and integer type 'int' of different size
    return (__m64)__builtin_ia32_paddusw((__v4hi)__m1, (__v4hi)__m2);
           ^~~~~~~~~~~~~~~~~~~~~~~~~~~~~~~~~~~~~~~~~~~~~~~~~~~~~~~~~
/home/xinniw/Android/Sdk/ndk/21.4.7075529/toolchains/llvm/prebuilt/linux-x86_64/lib64/clang/9.0.9/include/mmintrin.h:504:12: error: invalid conversion between vector type '__m64' (vector of 1 'long long' value) and integer type 'int' of different size
    return (__m64)__builtin_ia32_psubb((__v8qi)__m1, (__v8qi)__m2);
           ^~~~~~~~~~~~~~~~~~~~~~~~~~~~~~~~~~~~~~~~~~~~~~~~~~~~~~~
/home/xinniw/Android/Sdk/ndk/21.4.7075529/toolchains/llvm/prebuilt/linux-x86_64/lib64/clang/9.0.9/include/mmintrin.h:525:12: error: invalid conversion between vector type '__m64' (vector of 1 'long long' value) and integer type 'int' of different size
    return (__m64)__builtin_ia32_psubw((__v4hi)__m1, (__v4hi)__m2);
           ^~~~~~~~~~~~~~~~~~~~~~~~~~~~~~~~~~~~~~~~~~~~~~~~~~~~~~~
fatal error: too many errors emitted, stopping now [-ferror-limit=]
20 errors generated.
ninja: build stopped: subcommand failed.



Performing C SOURCE FILE Test HAVE_ALTIVEC_H_HDR failed with the following output:
Change Dir: /home/xinniw/Development/THESIS-sustainable_computing-dev/subtractive-joystick-demo/droid-project/app/.cxx/Debug/3y6l645h/arm64-v8a/CMakeFiles/CMakeTmp

Run Build Command(s):/home/xinniw/Android/Sdk/cmake/3.22.1/bin/ninja cmTC_d271a && [1/2] Building C object CMakeFiles/cmTC_d271a.dir/src.c.o
FAILED: CMakeFiles/cmTC_d271a.dir/src.c.o 
/home/xinniw/Android/Sdk/ndk/21.4.7075529/toolchains/llvm/prebuilt/linux-x86_64/bin/clang --target=aarch64-none-linux-android21 --gcc-toolchain=/home/xinniw/Android/Sdk/ndk/21.4.7075529/toolchains/llvm/prebuilt/linux-x86_64 --sysroot=/home/xinniw/Android/Sdk/ndk/21.4.7075529/toolchains/llvm/prebuilt/linux-x86_64/sysroot -DHAVE_ALTIVEC_H_HDR  -g -DANDROID -fdata-sections -ffunction-sections -funwind-tables -fstack-protector-strong -no-canonical-prefixes -D_FORTIFY_SOURCE=2 -Wformat -Werror=format-security  -idirafter "/home/xinniw/Development/THESIS-sustainable_computing-dev/subtractive-joystick-demo/droid-project/app/jni/SDL2/src/video/khronos" -maltivec -fPIE -MD -MT CMakeFiles/cmTC_d271a.dir/src.c.o -MF CMakeFiles/cmTC_d271a.dir/src.c.o.d -o CMakeFiles/cmTC_d271a.dir/src.c.o -c /home/xinniw/Development/THESIS-sustainable_computing-dev/subtractive-joystick-demo/droid-project/app/.cxx/Debug/3y6l645h/arm64-v8a/CMakeFiles/CMakeTmp/src.c
clang: warning: argument unused during compilation: '-maltivec' [-Wunused-command-line-argument]
In file included from /home/xinniw/Development/THESIS-sustainable_computing-dev/subtractive-joystick-demo/droid-project/app/.cxx/Debug/3y6l645h/arm64-v8a/CMakeFiles/CMakeTmp/src.c:2:
/home/xinniw/Android/Sdk/ndk/21.4.7075529/toolchains/llvm/prebuilt/linux-x86_64/lib64/clang/9.0.9/include/altivec.h:13:2: error: "AltiVec support not enabled"
#error "AltiVec support not enabled"
 ^
/home/xinniw/Android/Sdk/ndk/21.4.7075529/toolchains/llvm/prebuilt/linux-x86_64/lib64/clang/9.0.9/include/altivec.h:48:19: error: unknown type name 'vector'
static __inline__ vector signed char __ATTRS_o_ai vec_perm(
                  ^
/home/xinniw/Android/Sdk/ndk/21.4.7075529/toolchains/llvm/prebuilt/linux-x86_64/lib64/clang/9.0.9/include/altivec.h:49:5: error: unknown type name 'vector'
    vector signed char __a, vector signed char __b, vector unsigned char __c);
    ^
/home/xinniw/Android/Sdk/ndk/21.4.7075529/toolchains/llvm/prebuilt/linux-x86_64/lib64/clang/9.0.9/include/altivec.h:49:29: error: unknown type name 'vector'
    vector signed char __a, vector signed char __b, vector unsigned char __c);
                            ^
/home/xinniw/Android/Sdk/ndk/21.4.7075529/toolchains/llvm/prebuilt/linux-x86_64/lib64/clang/9.0.9/include/altivec.h:49:53: error: unknown type name 'vector'
    vector signed char __a, vector signed char __b, vector unsigned char __c);
                                                    ^
/home/xinniw/Android/Sdk/ndk/21.4.7075529/toolchains/llvm/prebuilt/linux-x86_64/lib64/clang/9.0.9/include/altivec.h:51:19: error: unknown type name 'vector'
static __inline__ vector unsigned char __ATTRS_o_ai
                  ^
/home/xinniw/Android/Sdk/ndk/21.4.7075529/toolchains/llvm/prebuilt/linux-x86_64/lib64/clang/9.0.9/include/altivec.h:52:10: error: unknown type name 'vector'
vec_perm(vector unsigned char __a, vector unsigned char __b,
         ^
/home/xinniw/Android/Sdk/ndk/21.4.7075529/toolchains/llvm/prebuilt/linux-x86_64/lib64/clang/9.0.9/include/altivec.h:52:36: error: unknown type name 'vector'
vec_perm(vector unsigned char __a, vector unsigned char __b,
                                   ^
/home/xinniw/Android/Sdk/ndk/21.4.7075529/toolchains/llvm/prebuilt/linux-x86_64/lib64/clang/9.0.9/include/altivec.h:53:10: error: unknown type name 'vector'
         vector unsigned char __c);
         ^
/home/xinniw/Android/Sdk/ndk/21.4.7075529/toolchains/llvm/prebuilt/linux-x86_64/lib64/clang/9.0.9/include/altivec.h:55:19: error: unknown type name 'vector'
static __inline__ vector bool char __ATTRS_o_ai
                  ^
/home/xinniw/Android/Sdk/ndk/21.4.7075529/toolchains/llvm/prebuilt/linux-x86_64/lib64/clang/9.0.9/include/altivec.h:55:8: error: 'inline' can only appear on functions
static __inline__ vector bool char __ATTRS_o_ai
       ^
/home/xinniw/Android/Sdk/ndk/21.4.7075529/toolchains/llvm/prebuilt/linux-x86_64/lib64/clang/9.0.9/include/altivec.h:55:30: error: expected ';' after top level declarator
static __inline__ vector bool char __ATTRS_o_ai
                             ^
/home/xinniw/Android/Sdk/ndk/21.4.7075529/toolchains/llvm/prebuilt/linux-x86_64/lib64/clang/9.0.9/include/altivec.h:56:10: error: unknown type name 'vector'
vec_perm(vector bool char __a, vector bool char __b, vector unsigned char __c);
         ^
/home/xinniw/Android/Sdk/ndk/21.4.7075529/toolchains/llvm/prebuilt/linux-x86_64/lib64/clang/9.0.9/include/altivec.h:56:22: error: expected ')'
vec_perm(vector bool char __a, vector bool char __b, vector unsigned char __c);
                     ^
/home/xinniw/Android/Sdk/ndk/21.4.7075529/toolchains/llvm/prebuilt/linux-x86_64/lib64/clang/9.0.9/include/altivec.h:56:9: note: to match this '('
vec_perm(vector bool char __a, vector bool char __b, vector unsigned char __c);
        ^
/home/xinniw/Android/Sdk/ndk/21.4.7075529/toolchains/llvm/prebuilt/linux-x86_64/lib64/clang/9.0.9/include/altivec.h:58:19: error: unknown type name 'vector'
static __inline__ vector short __ATTRS_o_ai vec_perm(vector signed short __a,
                  ^
/home/xinniw/Android/Sdk/ndk/21.4.7075529/toolchains/llvm/prebuilt/linux-x86_64/lib64/clang/9.0.9/include/altivec.h:58:54: error: unknown type name 'vector'
static __inline__ vector short __ATTRS_o_ai vec_perm(vector signed short __a,
                                                     ^
/home/xinniw/Android/Sdk/ndk/21.4.7075529/toolchains/llvm/prebuilt/linux-x86_64/lib64/clang/9.0.9/include/altivec.h:59:54: error: unknown type name 'vector'
                                                     vector signed short __b,
                                                     ^
/home/xinniw/Android/Sdk/ndk/21.4.7075529/toolchains/llvm/prebuilt/linux-x86_64/lib64/clang/9.0.9/include/altivec.h:60:54: error: unknown type name 'vector'
                                                     vector unsigned char __c);
                                                     ^
/home/xinniw/Android/Sdk/ndk/21.4.7075529/toolchains/llvm/prebuilt/linux-x86_64/lib64/clang/9.0.9/include/altivec.h:62:19: error: unknown type name 'vector'
static __inline__ vector unsigned short __ATTRS_o_ai
                  ^
fatal error: too many errors emitted, stopping now [-ferror-limit=]
20 errors generated.
ninja: build stopped: subcommand failed.


Source file was:

          #include <altivec.h>
          vector unsigned int vzero() {
              return vec_splat_u32(0);
          }
          int main(int argc, char **argv) { return 0; }
Performing C SOURCE FILE Test CPU_SUPPORTS_ALTIVEC failed with the following output:
Change Dir: /home/xinniw/Development/THESIS-sustainable_computing-dev/subtractive-joystick-demo/droid-project/app/.cxx/Debug/3y6l645h/arm64-v8a/CMakeFiles/CMakeTmp

Run Build Command(s):/home/xinniw/Android/Sdk/cmake/3.22.1/bin/ninja cmTC_dadd5 && [1/2] Building C object CMakeFiles/cmTC_dadd5.dir/src.c.o
FAILED: CMakeFiles/cmTC_dadd5.dir/src.c.o 
/home/xinniw/Android/Sdk/ndk/21.4.7075529/toolchains/llvm/prebuilt/linux-x86_64/bin/clang --target=aarch64-none-linux-android21 --gcc-toolchain=/home/xinniw/Android/Sdk/ndk/21.4.7075529/toolchains/llvm/prebuilt/linux-x86_64 --sysroot=/home/xinniw/Android/Sdk/ndk/21.4.7075529/toolchains/llvm/prebuilt/linux-x86_64/sysroot -DCPU_SUPPORTS_ALTIVEC  -g -DANDROID -fdata-sections -ffunction-sections -funwind-tables -fstack-protector-strong -no-canonical-prefixes -D_FORTIFY_SOURCE=2 -Wformat -Werror=format-security  -idirafter "/home/xinniw/Development/THESIS-sustainable_computing-dev/subtractive-joystick-demo/droid-project/app/jni/SDL2/src/video/khronos" -maltivec -fPIE -MD -MT CMakeFiles/cmTC_dadd5.dir/src.c.o -MF CMakeFiles/cmTC_dadd5.dir/src.c.o.d -o CMakeFiles/cmTC_dadd5.dir/src.c.o -c /home/xinniw/Development/THESIS-sustainable_computing-dev/subtractive-joystick-demo/droid-project/app/.cxx/Debug/3y6l645h/arm64-v8a/CMakeFiles/CMakeTmp/src.c
clang: warning: argument unused during compilation: '-maltivec' [-Wunused-command-line-argument]
/home/xinniw/Development/THESIS-sustainable_computing-dev/subtractive-joystick-demo/droid-project/app/.cxx/Debug/3y6l645h/arm64-v8a/CMakeFiles/CMakeTmp/src.c:2:11: error: unknown type name 'vector'
          vector unsigned int vzero() {
          ^
/home/xinniw/Development/THESIS-sustainable_computing-dev/subtractive-joystick-demo/droid-project/app/.cxx/Debug/3y6l645h/arm64-v8a/CMakeFiles/CMakeTmp/src.c:3:22: warning: implicit declaration of function 'vec_splat_u32' is invalid in C99 [-Wimplicit-function-declaration]
              return vec_splat_u32(0);
                     ^
1 warning and 1 error generated.
ninja: build stopped: subcommand failed.


Source file was:

          vector unsigned int vzero() {
              return vec_splat_u32(0);
          }
          int main(int argc, char **argv) { return 0; }
Determining if the include file libunwind.h exists failed with the following output:
Change Dir: /home/xinniw/Development/THESIS-sustainable_computing-dev/subtractive-joystick-demo/droid-project/app/.cxx/Debug/3y6l645h/arm64-v8a/CMakeFiles/CMakeTmp

Run Build Command(s):/home/xinniw/Android/Sdk/cmake/3.22.1/bin/ninja cmTC_a4c7c && [1/2] Building C object CMakeFiles/cmTC_a4c7c.dir/CheckIncludeFile.c.o
FAILED: CMakeFiles/cmTC_a4c7c.dir/CheckIncludeFile.c.o 
/home/xinniw/Android/Sdk/ndk/21.4.7075529/toolchains/llvm/prebuilt/linux-x86_64/bin/clang --target=aarch64-none-linux-android21 --gcc-toolchain=/home/xinniw/Android/Sdk/ndk/21.4.7075529/toolchains/llvm/prebuilt/linux-x86_64 --sysroot=/home/xinniw/Android/Sdk/ndk/21.4.7075529/toolchains/llvm/prebuilt/linux-x86_64/sysroot   -g -DANDROID -fdata-sections -ffunction-sections -funwind-tables -fstack-protector-strong -no-canonical-prefixes -D_FORTIFY_SOURCE=2 -Wformat -Werror=format-security  -idirafter "/home/xinniw/Development/THESIS-sustainable_computing-dev/subtractive-joystick-demo/droid-project/app/jni/SDL2/src/video/khronos"  -D_GNU_SOURCE=1 -fPIE -MD -MT CMakeFiles/cmTC_a4c7c.dir/CheckIncludeFile.c.o -MF CMakeFiles/cmTC_a4c7c.dir/CheckIncludeFile.c.o.d -o CMakeFiles/cmTC_a4c7c.dir/CheckIncludeFile.c.o -c /home/xinniw/Development/THESIS-sustainable_computing-dev/subtractive-joystick-demo/droid-project/app/.cxx/Debug/3y6l645h/arm64-v8a/CMakeFiles/CMakeTmp/CheckIncludeFile.c
/home/xinniw/Development/THESIS-sustainable_computing-dev/subtractive-joystick-demo/droid-project/app/.cxx/Debug/3y6l645h/arm64-v8a/CMakeFiles/CMakeTmp/CheckIncludeFile.c:1:10: fatal error: 'libunwind.h' file not found
#include <libunwind.h>
         ^~~~~~~~~~~~~
1 error generated.
ninja: build stopped: subcommand failed.



Determining if the _strrev exist failed with the following output:
Change Dir: /home/xinniw/Development/THESIS-sustainable_computing-dev/subtractive-joystick-demo/droid-project/app/.cxx/Debug/3y6l645h/arm64-v8a/CMakeFiles/CMakeTmp

Run Build Command(s):/home/xinniw/Android/Sdk/cmake/3.22.1/bin/ninja cmTC_edcc5 && [1/2] Building C object CMakeFiles/cmTC_edcc5.dir/CheckSymbolExists.c.o
FAILED: CMakeFiles/cmTC_edcc5.dir/CheckSymbolExists.c.o 
/home/xinniw/Android/Sdk/ndk/21.4.7075529/toolchains/llvm/prebuilt/linux-x86_64/bin/clang --target=aarch64-none-linux-android21 --gcc-toolchain=/home/xinniw/Android/Sdk/ndk/21.4.7075529/toolchains/llvm/prebuilt/linux-x86_64 --sysroot=/home/xinniw/Android/Sdk/ndk/21.4.7075529/toolchains/llvm/prebuilt/linux-x86_64/sysroot   -g -DANDROID -fdata-sections -ffunction-sections -funwind-tables -fstack-protector-strong -no-canonical-prefixes -D_FORTIFY_SOURCE=2 -Wformat -Werror=format-security  -idirafter "/home/xinniw/Development/THESIS-sustainable_computing-dev/subtractive-joystick-demo/droid-project/app/jni/SDL2/src/video/khronos"  -D_GNU_SOURCE=1 -fPIE -MD -MT CMakeFiles/cmTC_edcc5.dir/CheckSymbolExists.c.o -MF CMakeFiles/cmTC_edcc5.dir/CheckSymbolExists.c.o.d -o CMakeFiles/cmTC_edcc5.dir/CheckSymbolExists.c.o -c /home/xinniw/Development/THESIS-sustainable_computing-dev/subtractive-joystick-demo/droid-project/app/.cxx/Debug/3y6l645h/arm64-v8a/CMakeFiles/CMakeTmp/CheckSymbolExists.c
/home/xinniw/Development/THESIS-sustainable_computing-dev/subtractive-joystick-demo/droid-project/app/.cxx/Debug/3y6l645h/arm64-v8a/CMakeFiles/CMakeTmp/CheckSymbolExists.c:14:19: error: use of undeclared identifier '_strrev'; did you mean 'strsep'?
  return ((int*)(&_strrev))[argc];
                  ^~~~~~~
                  strsep
/home/xinniw/Android/Sdk/ndk/21.4.7075529/toolchains/llvm/prebuilt/linux-x86_64/sysroot/usr/include/string.h:150:7: note: 'strsep' declared here
char* strsep(char** __s_ptr, const char* __delimiter);
      ^
1 error generated.
ninja: build stopped: subcommand failed.


File /home/xinniw/Development/THESIS-sustainable_computing-dev/subtractive-joystick-demo/droid-project/app/.cxx/Debug/3y6l645h/arm64-v8a/CMakeFiles/CMakeTmp/CheckSymbolExists.c:
/* */
#include <stddef.h>
#include <stdarg.h>
#include <stdlib.h>
#include <string.h>
#include <stdio.h>
#include <wchar.h>
#include <float.h>

int main(int argc, char** argv)
{
  (void)argv;
#ifndef _strrev
  return ((int*)(&_strrev))[argc];
#else
  (void)argc;
  return 0;
#endif
}
Determining if the _strupr exist failed with the following output:
Change Dir: /home/xinniw/Development/THESIS-sustainable_computing-dev/subtractive-joystick-demo/droid-project/app/.cxx/Debug/3y6l645h/arm64-v8a/CMakeFiles/CMakeTmp

Run Build Command(s):/home/xinniw/Android/Sdk/cmake/3.22.1/bin/ninja cmTC_ade78 && [1/2] Building C object CMakeFiles/cmTC_ade78.dir/CheckSymbolExists.c.o
FAILED: CMakeFiles/cmTC_ade78.dir/CheckSymbolExists.c.o 
/home/xinniw/Android/Sdk/ndk/21.4.7075529/toolchains/llvm/prebuilt/linux-x86_64/bin/clang --target=aarch64-none-linux-android21 --gcc-toolchain=/home/xinniw/Android/Sdk/ndk/21.4.7075529/toolchains/llvm/prebuilt/linux-x86_64 --sysroot=/home/xinniw/Android/Sdk/ndk/21.4.7075529/toolchains/llvm/prebuilt/linux-x86_64/sysroot   -g -DANDROID -fdata-sections -ffunction-sections -funwind-tables -fstack-protector-strong -no-canonical-prefixes -D_FORTIFY_SOURCE=2 -Wformat -Werror=format-security  -idirafter "/home/xinniw/Development/THESIS-sustainable_computing-dev/subtractive-joystick-demo/droid-project/app/jni/SDL2/src/video/khronos"  -D_GNU_SOURCE=1 -fPIE -MD -MT CMakeFiles/cmTC_ade78.dir/CheckSymbolExists.c.o -MF CMakeFiles/cmTC_ade78.dir/CheckSymbolExists.c.o.d -o CMakeFiles/cmTC_ade78.dir/CheckSymbolExists.c.o -c /home/xinniw/Development/THESIS-sustainable_computing-dev/subtractive-joystick-demo/droid-project/app/.cxx/Debug/3y6l645h/arm64-v8a/CMakeFiles/CMakeTmp/CheckSymbolExists.c
/home/xinniw/Development/THESIS-sustainable_computing-dev/subtractive-joystick-demo/droid-project/app/.cxx/Debug/3y6l645h/arm64-v8a/CMakeFiles/CMakeTmp/CheckSymbolExists.c:14:19: error: use of undeclared identifier '_strupr'
  return ((int*)(&_strupr))[argc];
                  ^
1 error generated.
ninja: build stopped: subcommand failed.


File /home/xinniw/Development/THESIS-sustainable_computing-dev/subtractive-joystick-demo/droid-project/app/.cxx/Debug/3y6l645h/arm64-v8a/CMakeFiles/CMakeTmp/CheckSymbolExists.c:
/* */
#include <stddef.h>
#include <stdarg.h>
#include <stdlib.h>
#include <string.h>
#include <stdio.h>
#include <wchar.h>
#include <float.h>

int main(int argc, char** argv)
{
  (void)argv;
#ifndef _strupr
  return ((int*)(&_strupr))[argc];
#else
  (void)argc;
  return 0;
#endif
}
Determining if the _strlwr exist failed with the following output:
Change Dir: /home/xinniw/Development/THESIS-sustainable_computing-dev/subtractive-joystick-demo/droid-project/app/.cxx/Debug/3y6l645h/arm64-v8a/CMakeFiles/CMakeTmp

Run Build Command(s):/home/xinniw/Android/Sdk/cmake/3.22.1/bin/ninja cmTC_03c2f && [1/2] Building C object CMakeFiles/cmTC_03c2f.dir/CheckSymbolExists.c.o
FAILED: CMakeFiles/cmTC_03c2f.dir/CheckSymbolExists.c.o 
/home/xinniw/Android/Sdk/ndk/21.4.7075529/toolchains/llvm/prebuilt/linux-x86_64/bin/clang --target=aarch64-none-linux-android21 --gcc-toolchain=/home/xinniw/Android/Sdk/ndk/21.4.7075529/toolchains/llvm/prebuilt/linux-x86_64 --sysroot=/home/xinniw/Android/Sdk/ndk/21.4.7075529/toolchains/llvm/prebuilt/linux-x86_64/sysroot   -g -DANDROID -fdata-sections -ffunction-sections -funwind-tables -fstack-protector-strong -no-canonical-prefixes -D_FORTIFY_SOURCE=2 -Wformat -Werror=format-security  -idirafter "/home/xinniw/Development/THESIS-sustainable_computing-dev/subtractive-joystick-demo/droid-project/app/jni/SDL2/src/video/khronos"  -D_GNU_SOURCE=1 -fPIE -MD -MT CMakeFiles/cmTC_03c2f.dir/CheckSymbolExists.c.o -MF CMakeFiles/cmTC_03c2f.dir/CheckSymbolExists.c.o.d -o CMakeFiles/cmTC_03c2f.dir/CheckSymbolExists.c.o -c /home/xinniw/Development/THESIS-sustainable_computing-dev/subtractive-joystick-demo/droid-project/app/.cxx/Debug/3y6l645h/arm64-v8a/CMakeFiles/CMakeTmp/CheckSymbolExists.c
/home/xinniw/Development/THESIS-sustainable_computing-dev/subtractive-joystick-demo/droid-project/app/.cxx/Debug/3y6l645h/arm64-v8a/CMakeFiles/CMakeTmp/CheckSymbolExists.c:14:19: error: use of undeclared identifier '_strlwr'; did you mean 'strstr'?
  return ((int*)(&_strlwr))[argc];
                  ^~~~~~~
                  strstr
/home/xinniw/Android/Sdk/ndk/21.4.7075529/toolchains/llvm/prebuilt/linux-x86_64/sysroot/usr/include/string.h:112:7: note: 'strstr' declared here
char* strstr(const char* __haystack, const char* __needle) __attribute_pure__;
      ^
1 error generated.
ninja: build stopped: subcommand failed.


File /home/xinniw/Development/THESIS-sustainable_computing-dev/subtractive-joystick-demo/droid-project/app/.cxx/Debug/3y6l645h/arm64-v8a/CMakeFiles/CMakeTmp/CheckSymbolExists.c:
/* */
#include <stddef.h>
#include <stdarg.h>
#include <stdlib.h>
#include <string.h>
#include <stdio.h>
#include <wchar.h>
#include <float.h>

int main(int argc, char** argv)
{
  (void)argv;
#ifndef _strlwr
  return ((int*)(&_strlwr))[argc];
#else
  (void)argc;
  return 0;
#endif
}
Determining if the index exist failed with the following output:
Change Dir: /home/xinniw/Development/THESIS-sustainable_computing-dev/subtractive-joystick-demo/droid-project/app/.cxx/Debug/3y6l645h/arm64-v8a/CMakeFiles/CMakeTmp

Run Build Command(s):/home/xinniw/Android/Sdk/cmake/3.22.1/bin/ninja cmTC_2b117 && [1/2] Building C object CMakeFiles/cmTC_2b117.dir/CheckSymbolExists.c.o
/home/xinniw/Development/THESIS-sustainable_computing-dev/subtractive-joystick-demo/droid-project/app/.cxx/Debug/3y6l645h/arm64-v8a/CMakeFiles/CMakeTmp/CheckSymbolExists.c:14:19: warning: implicitly declaring library function 'index' with type 'char *(const char *, int)' [-Wimplicit-function-declaration]
  return ((int*)(&index))[argc];
                  ^
/home/xinniw/Development/THESIS-sustainable_computing-dev/subtractive-joystick-demo/droid-project/app/.cxx/Debug/3y6l645h/arm64-v8a/CMakeFiles/CMakeTmp/CheckSymbolExists.c:14:19: note: include the header <strings.h> or explicitly provide a declaration for 'index'
1 warning generated.
[2/2] Linking C executable cmTC_2b117
FAILED: cmTC_2b117 
: && /home/xinniw/Android/Sdk/ndk/21.4.7075529/toolchains/llvm/prebuilt/linux-x86_64/bin/clang --target=aarch64-none-linux-android21 --gcc-toolchain=/home/xinniw/Android/Sdk/ndk/21.4.7075529/toolchains/llvm/prebuilt/linux-x86_64 --sysroot=/home/xinniw/Android/Sdk/ndk/21.4.7075529/toolchains/llvm/prebuilt/linux-x86_64/sysroot -g -DANDROID -fdata-sections -ffunction-sections -funwind-tables -fstack-protector-strong -no-canonical-prefixes -D_FORTIFY_SOURCE=2 -Wformat -Werror=format-security  -idirafter "/home/xinniw/Development/THESIS-sustainable_computing-dev/subtractive-joystick-demo/droid-project/app/jni/SDL2/src/video/khronos"  -D_GNU_SOURCE=1 -Wl,--exclude-libs,libgcc.a -Wl,--exclude-libs,libgcc_real.a -Wl,--exclude-libs,libatomic.a -static-libstdc++ -Wl,--build-id -Wl,--fatal-warnings -Wl,--no-undefined -Qunused-arguments -Wl,--gc-sections CMakeFiles/cmTC_2b117.dir/CheckSymbolExists.c.o -o cmTC_2b117  -latomic -lm && :
CMakeFiles/cmTC_2b117.dir/CheckSymbolExists.c.o: In function `main':
/home/xinniw/Development/THESIS-sustainable_computing-dev/subtractive-joystick-demo/droid-project/app/.cxx/Debug/3y6l645h/arm64-v8a/CMakeFiles/CMakeTmp/CheckSymbolExists.c:(.text.main+0x4): undefined reference to `index'
/home/xinniw/Development/THESIS-sustainable_computing-dev/subtractive-joystick-demo/droid-project/app/.cxx/Debug/3y6l645h/arm64-v8a/CMakeFiles/CMakeTmp/CheckSymbolExists.c:(.text.main+0x8): undefined reference to `index'
clang: error: linker command failed with exit code 1 (use -v to see invocation)
ninja: build stopped: subcommand failed.


File /home/xinniw/Development/THESIS-sustainable_computing-dev/subtractive-joystick-demo/droid-project/app/.cxx/Debug/3y6l645h/arm64-v8a/CMakeFiles/CMakeTmp/CheckSymbolExists.c:
/* */
#include <stddef.h>
#include <stdarg.h>
#include <stdlib.h>
#include <string.h>
#include <stdio.h>
#include <wchar.h>
#include <float.h>

int main(int argc, char** argv)
{
  (void)argv;
#ifndef index
  return ((int*)(&index))[argc];
#else
  (void)argc;
  return 0;
#endif
}
Determining if the rindex exist failed with the following output:
Change Dir: /home/xinniw/Development/THESIS-sustainable_computing-dev/subtractive-joystick-demo/droid-project/app/.cxx/Debug/3y6l645h/arm64-v8a/CMakeFiles/CMakeTmp

Run Build Command(s):/home/xinniw/Android/Sdk/cmake/3.22.1/bin/ninja cmTC_89de9 && [1/2] Building C object CMakeFiles/cmTC_89de9.dir/CheckSymbolExists.c.o
/home/xinniw/Development/THESIS-sustainable_computing-dev/subtractive-joystick-demo/droid-project/app/.cxx/Debug/3y6l645h/arm64-v8a/CMakeFiles/CMakeTmp/CheckSymbolExists.c:14:19: warning: implicitly declaring library function 'rindex' with type 'char *(const char *, int)' [-Wimplicit-function-declaration]
  return ((int*)(&rindex))[argc];
                  ^
/home/xinniw/Development/THESIS-sustainable_computing-dev/subtractive-joystick-demo/droid-project/app/.cxx/Debug/3y6l645h/arm64-v8a/CMakeFiles/CMakeTmp/CheckSymbolExists.c:14:19: note: include the header <strings.h> or explicitly provide a declaration for 'rindex'
1 warning generated.
[2/2] Linking C executable cmTC_89de9
FAILED: cmTC_89de9 
: && /home/xinniw/Android/Sdk/ndk/21.4.7075529/toolchains/llvm/prebuilt/linux-x86_64/bin/clang --target=aarch64-none-linux-android21 --gcc-toolchain=/home/xinniw/Android/Sdk/ndk/21.4.7075529/toolchains/llvm/prebuilt/linux-x86_64 --sysroot=/home/xinniw/Android/Sdk/ndk/21.4.7075529/toolchains/llvm/prebuilt/linux-x86_64/sysroot -g -DANDROID -fdata-sections -ffunction-sections -funwind-tables -fstack-protector-strong -no-canonical-prefixes -D_FORTIFY_SOURCE=2 -Wformat -Werror=format-security  -idirafter "/home/xinniw/Development/THESIS-sustainable_computing-dev/subtractive-joystick-demo/droid-project/app/jni/SDL2/src/video/khronos"  -D_GNU_SOURCE=1 -Wl,--exclude-libs,libgcc.a -Wl,--exclude-libs,libgcc_real.a -Wl,--exclude-libs,libatomic.a -static-libstdc++ -Wl,--build-id -Wl,--fatal-warnings -Wl,--no-undefined -Qunused-arguments -Wl,--gc-sections CMakeFiles/cmTC_89de9.dir/CheckSymbolExists.c.o -o cmTC_89de9  -latomic -lm && :
CMakeFiles/cmTC_89de9.dir/CheckSymbolExists.c.o: In function `main':
/home/xinniw/Development/THESIS-sustainable_computing-dev/subtractive-joystick-demo/droid-project/app/.cxx/Debug/3y6l645h/arm64-v8a/CMakeFiles/CMakeTmp/CheckSymbolExists.c:(.text.main+0x4): undefined reference to `rindex'
/home/xinniw/Development/THESIS-sustainable_computing-dev/subtractive-joystick-demo/droid-project/app/.cxx/Debug/3y6l645h/arm64-v8a/CMakeFiles/CMakeTmp/CheckSymbolExists.c:(.text.main+0x8): undefined reference to `rindex'
clang: error: linker command failed with exit code 1 (use -v to see invocation)
ninja: build stopped: subcommand failed.


File /home/xinniw/Development/THESIS-sustainable_computing-dev/subtractive-joystick-demo/droid-project/app/.cxx/Debug/3y6l645h/arm64-v8a/CMakeFiles/CMakeTmp/CheckSymbolExists.c:
/* */
#include <stddef.h>
#include <stdarg.h>
#include <stdlib.h>
#include <string.h>
#include <stdio.h>
#include <wchar.h>
#include <float.h>

int main(int argc, char** argv)
{
  (void)argv;
#ifndef rindex
  return ((int*)(&rindex))[argc];
#else
  (void)argc;
  return 0;
#endif
}
Determining if the itoa exist failed with the following output:
Change Dir: /home/xinniw/Development/THESIS-sustainable_computing-dev/subtractive-joystick-demo/droid-project/app/.cxx/Debug/3y6l645h/arm64-v8a/CMakeFiles/CMakeTmp

Run Build Command(s):/home/xinniw/Android/Sdk/cmake/3.22.1/bin/ninja cmTC_ddf1a && [1/2] Building C object CMakeFiles/cmTC_ddf1a.dir/CheckSymbolExists.c.o
FAILED: CMakeFiles/cmTC_ddf1a.dir/CheckSymbolExists.c.o 
/home/xinniw/Android/Sdk/ndk/21.4.7075529/toolchains/llvm/prebuilt/linux-x86_64/bin/clang --target=aarch64-none-linux-android21 --gcc-toolchain=/home/xinniw/Android/Sdk/ndk/21.4.7075529/toolchains/llvm/prebuilt/linux-x86_64 --sysroot=/home/xinniw/Android/Sdk/ndk/21.4.7075529/toolchains/llvm/prebuilt/linux-x86_64/sysroot   -g -DANDROID -fdata-sections -ffunction-sections -funwind-tables -fstack-protector-strong -no-canonical-prefixes -D_FORTIFY_SOURCE=2 -Wformat -Werror=format-security  -idirafter "/home/xinniw/Development/THESIS-sustainable_computing-dev/subtractive-joystick-demo/droid-project/app/jni/SDL2/src/video/khronos"  -D_GNU_SOURCE=1 -fPIE -MD -MT CMakeFiles/cmTC_ddf1a.dir/CheckSymbolExists.c.o -MF CMakeFiles/cmTC_ddf1a.dir/CheckSymbolExists.c.o.d -o CMakeFiles/cmTC_ddf1a.dir/CheckSymbolExists.c.o -c /home/xinniw/Development/THESIS-sustainable_computing-dev/subtractive-joystick-demo/droid-project/app/.cxx/Debug/3y6l645h/arm64-v8a/CMakeFiles/CMakeTmp/CheckSymbolExists.c
/home/xinniw/Development/THESIS-sustainable_computing-dev/subtractive-joystick-demo/droid-project/app/.cxx/Debug/3y6l645h/arm64-v8a/CMakeFiles/CMakeTmp/CheckSymbolExists.c:14:19: error: use of undeclared identifier 'itoa'
  return ((int*)(&itoa))[argc];
                  ^
1 error generated.
ninja: build stopped: subcommand failed.


File /home/xinniw/Development/THESIS-sustainable_computing-dev/subtractive-joystick-demo/droid-project/app/.cxx/Debug/3y6l645h/arm64-v8a/CMakeFiles/CMakeTmp/CheckSymbolExists.c:
/* */
#include <stddef.h>
#include <stdarg.h>
#include <stdlib.h>
#include <string.h>
#include <stdio.h>
#include <wchar.h>
#include <float.h>

int main(int argc, char** argv)
{
  (void)argv;
#ifndef itoa
  return ((int*)(&itoa))[argc];
#else
  (void)argc;
  return 0;
#endif
}
Determining if the _ltoa exist failed with the following output:
Change Dir: /home/xinniw/Development/THESIS-sustainable_computing-dev/subtractive-joystick-demo/droid-project/app/.cxx/Debug/3y6l645h/arm64-v8a/CMakeFiles/CMakeTmp

Run Build Command(s):/home/xinniw/Android/Sdk/cmake/3.22.1/bin/ninja cmTC_7a351 && [1/2] Building C object CMakeFiles/cmTC_7a351.dir/CheckSymbolExists.c.o
FAILED: CMakeFiles/cmTC_7a351.dir/CheckSymbolExists.c.o 
/home/xinniw/Android/Sdk/ndk/21.4.7075529/toolchains/llvm/prebuilt/linux-x86_64/bin/clang --target=aarch64-none-linux-android21 --gcc-toolchain=/home/xinniw/Android/Sdk/ndk/21.4.7075529/toolchains/llvm/prebuilt/linux-x86_64 --sysroot=/home/xinniw/Android/Sdk/ndk/21.4.7075529/toolchains/llvm/prebuilt/linux-x86_64/sysroot   -g -DANDROID -fdata-sections -ffunction-sections -funwind-tables -fstack-protector-strong -no-canonical-prefixes -D_FORTIFY_SOURCE=2 -Wformat -Werror=format-security  -idirafter "/home/xinniw/Development/THESIS-sustainable_computing-dev/subtractive-joystick-demo/droid-project/app/jni/SDL2/src/video/khronos"  -D_GNU_SOURCE=1 -fPIE -MD -MT CMakeFiles/cmTC_7a351.dir/CheckSymbolExists.c.o -MF CMakeFiles/cmTC_7a351.dir/CheckSymbolExists.c.o.d -o CMakeFiles/cmTC_7a351.dir/CheckSymbolExists.c.o -c /home/xinniw/Development/THESIS-sustainable_computing-dev/subtractive-joystick-demo/droid-project/app/.cxx/Debug/3y6l645h/arm64-v8a/CMakeFiles/CMakeTmp/CheckSymbolExists.c
/home/xinniw/Development/THESIS-sustainable_computing-dev/subtractive-joystick-demo/droid-project/app/.cxx/Debug/3y6l645h/arm64-v8a/CMakeFiles/CMakeTmp/CheckSymbolExists.c:14:19: error: use of undeclared identifier '_ltoa'
  return ((int*)(&_ltoa))[argc];
                  ^
1 error generated.
ninja: build stopped: subcommand failed.


File /home/xinniw/Development/THESIS-sustainable_computing-dev/subtractive-joystick-demo/droid-project/app/.cxx/Debug/3y6l645h/arm64-v8a/CMakeFiles/CMakeTmp/CheckSymbolExists.c:
/* */
#include <stddef.h>
#include <stdarg.h>
#include <stdlib.h>
#include <string.h>
#include <stdio.h>
#include <wchar.h>
#include <float.h>

int main(int argc, char** argv)
{
  (void)argv;
#ifndef _ltoa
  return ((int*)(&_ltoa))[argc];
#else
  (void)argc;
  return 0;
#endif
}
Determining if the _uitoa exist failed with the following output:
Change Dir: /home/xinniw/Development/THESIS-sustainable_computing-dev/subtractive-joystick-demo/droid-project/app/.cxx/Debug/3y6l645h/arm64-v8a/CMakeFiles/CMakeTmp

Run Build Command(s):/home/xinniw/Android/Sdk/cmake/3.22.1/bin/ninja cmTC_4e295 && [1/2] Building C object CMakeFiles/cmTC_4e295.dir/CheckSymbolExists.c.o
FAILED: CMakeFiles/cmTC_4e295.dir/CheckSymbolExists.c.o 
/home/xinniw/Android/Sdk/ndk/21.4.7075529/toolchains/llvm/prebuilt/linux-x86_64/bin/clang --target=aarch64-none-linux-android21 --gcc-toolchain=/home/xinniw/Android/Sdk/ndk/21.4.7075529/toolchains/llvm/prebuilt/linux-x86_64 --sysroot=/home/xinniw/Android/Sdk/ndk/21.4.7075529/toolchains/llvm/prebuilt/linux-x86_64/sysroot   -g -DANDROID -fdata-sections -ffunction-sections -funwind-tables -fstack-protector-strong -no-canonical-prefixes -D_FORTIFY_SOURCE=2 -Wformat -Werror=format-security  -idirafter "/home/xinniw/Development/THESIS-sustainable_computing-dev/subtractive-joystick-demo/droid-project/app/jni/SDL2/src/video/khronos"  -D_GNU_SOURCE=1 -fPIE -MD -MT CMakeFiles/cmTC_4e295.dir/CheckSymbolExists.c.o -MF CMakeFiles/cmTC_4e295.dir/CheckSymbolExists.c.o.d -o CMakeFiles/cmTC_4e295.dir/CheckSymbolExists.c.o -c /home/xinniw/Development/THESIS-sustainable_computing-dev/subtractive-joystick-demo/droid-project/app/.cxx/Debug/3y6l645h/arm64-v8a/CMakeFiles/CMakeTmp/CheckSymbolExists.c
/home/xinniw/Development/THESIS-sustainable_computing-dev/subtractive-joystick-demo/droid-project/app/.cxx/Debug/3y6l645h/arm64-v8a/CMakeFiles/CMakeTmp/CheckSymbolExists.c:14:19: error: use of undeclared identifier '_uitoa'
  return ((int*)(&_uitoa))[argc];
                  ^
1 error generated.
ninja: build stopped: subcommand failed.


File /home/xinniw/Development/THESIS-sustainable_computing-dev/subtractive-joystick-demo/droid-project/app/.cxx/Debug/3y6l645h/arm64-v8a/CMakeFiles/CMakeTmp/CheckSymbolExists.c:
/* */
#include <stddef.h>
#include <stdarg.h>
#include <stdlib.h>
#include <string.h>
#include <stdio.h>
#include <wchar.h>
#include <float.h>

int main(int argc, char** argv)
{
  (void)argv;
#ifndef _uitoa
  return ((int*)(&_uitoa))[argc];
#else
  (void)argc;
  return 0;
#endif
}
Determining if the _ultoa exist failed with the following output:
Change Dir: /home/xinniw/Development/THESIS-sustainable_computing-dev/subtractive-joystick-demo/droid-project/app/.cxx/Debug/3y6l645h/arm64-v8a/CMakeFiles/CMakeTmp

Run Build Command(s):/home/xinniw/Android/Sdk/cmake/3.22.1/bin/ninja cmTC_b172c && [1/2] Building C object CMakeFiles/cmTC_b172c.dir/CheckSymbolExists.c.o
FAILED: CMakeFiles/cmTC_b172c.dir/CheckSymbolExists.c.o 
/home/xinniw/Android/Sdk/ndk/21.4.7075529/toolchains/llvm/prebuilt/linux-x86_64/bin/clang --target=aarch64-none-linux-android21 --gcc-toolchain=/home/xinniw/Android/Sdk/ndk/21.4.7075529/toolchains/llvm/prebuilt/linux-x86_64 --sysroot=/home/xinniw/Android/Sdk/ndk/21.4.7075529/toolchains/llvm/prebuilt/linux-x86_64/sysroot   -g -DANDROID -fdata-sections -ffunction-sections -funwind-tables -fstack-protector-strong -no-canonical-prefixes -D_FORTIFY_SOURCE=2 -Wformat -Werror=format-security  -idirafter "/home/xinniw/Development/THESIS-sustainable_computing-dev/subtractive-joystick-demo/droid-project/app/jni/SDL2/src/video/khronos"  -D_GNU_SOURCE=1 -fPIE -MD -MT CMakeFiles/cmTC_b172c.dir/CheckSymbolExists.c.o -MF CMakeFiles/cmTC_b172c.dir/CheckSymbolExists.c.o.d -o CMakeFiles/cmTC_b172c.dir/CheckSymbolExists.c.o -c /home/xinniw/Development/THESIS-sustainable_computing-dev/subtractive-joystick-demo/droid-project/app/.cxx/Debug/3y6l645h/arm64-v8a/CMakeFiles/CMakeTmp/CheckSymbolExists.c
/home/xinniw/Development/THESIS-sustainable_computing-dev/subtractive-joystick-demo/droid-project/app/.cxx/Debug/3y6l645h/arm64-v8a/CMakeFiles/CMakeTmp/CheckSymbolExists.c:14:19: error: use of undeclared identifier '_ultoa'
  return ((int*)(&_ultoa))[argc];
                  ^
1 error generated.
ninja: build stopped: subcommand failed.


File /home/xinniw/Development/THESIS-sustainable_computing-dev/subtractive-joystick-demo/droid-project/app/.cxx/Debug/3y6l645h/arm64-v8a/CMakeFiles/CMakeTmp/CheckSymbolExists.c:
/* */
#include <stddef.h>
#include <stdarg.h>
#include <stdlib.h>
#include <string.h>
#include <stdio.h>
#include <wchar.h>
#include <float.h>

int main(int argc, char** argv)
{
  (void)argv;
#ifndef _ultoa
  return ((int*)(&_ultoa))[argc];
#else
  (void)argc;
  return 0;
#endif
}
Determining if the _i64toa exist failed with the following output:
Change Dir: /home/xinniw/Development/THESIS-sustainable_computing-dev/subtractive-joystick-demo/droid-project/app/.cxx/Debug/3y6l645h/arm64-v8a/CMakeFiles/CMakeTmp

Run Build Command(s):/home/xinniw/Android/Sdk/cmake/3.22.1/bin/ninja cmTC_957dc && [1/2] Building C object CMakeFiles/cmTC_957dc.dir/CheckSymbolExists.c.o
FAILED: CMakeFiles/cmTC_957dc.dir/CheckSymbolExists.c.o 
/home/xinniw/Android/Sdk/ndk/21.4.7075529/toolchains/llvm/prebuilt/linux-x86_64/bin/clang --target=aarch64-none-linux-android21 --gcc-toolchain=/home/xinniw/Android/Sdk/ndk/21.4.7075529/toolchains/llvm/prebuilt/linux-x86_64 --sysroot=/home/xinniw/Android/Sdk/ndk/21.4.7075529/toolchains/llvm/prebuilt/linux-x86_64/sysroot   -g -DANDROID -fdata-sections -ffunction-sections -funwind-tables -fstack-protector-strong -no-canonical-prefixes -D_FORTIFY_SOURCE=2 -Wformat -Werror=format-security  -idirafter "/home/xinniw/Development/THESIS-sustainable_computing-dev/subtractive-joystick-demo/droid-project/app/jni/SDL2/src/video/khronos"  -D_GNU_SOURCE=1 -fPIE -MD -MT CMakeFiles/cmTC_957dc.dir/CheckSymbolExists.c.o -MF CMakeFiles/cmTC_957dc.dir/CheckSymbolExists.c.o.d -o CMakeFiles/cmTC_957dc.dir/CheckSymbolExists.c.o -c /home/xinniw/Development/THESIS-sustainable_computing-dev/subtractive-joystick-demo/droid-project/app/.cxx/Debug/3y6l645h/arm64-v8a/CMakeFiles/CMakeTmp/CheckSymbolExists.c
/home/xinniw/Development/THESIS-sustainable_computing-dev/subtractive-joystick-demo/droid-project/app/.cxx/Debug/3y6l645h/arm64-v8a/CMakeFiles/CMakeTmp/CheckSymbolExists.c:14:19: error: use of undeclared identifier '_i64toa'
  return ((int*)(&_i64toa))[argc];
                  ^
1 error generated.
ninja: build stopped: subcommand failed.


File /home/xinniw/Development/THESIS-sustainable_computing-dev/subtractive-joystick-demo/droid-project/app/.cxx/Debug/3y6l645h/arm64-v8a/CMakeFiles/CMakeTmp/CheckSymbolExists.c:
/* */
#include <stddef.h>
#include <stdarg.h>
#include <stdlib.h>
#include <string.h>
#include <stdio.h>
#include <wchar.h>
#include <float.h>

int main(int argc, char** argv)
{
  (void)argv;
#ifndef _i64toa
  return ((int*)(&_i64toa))[argc];
#else
  (void)argc;
  return 0;
#endif
}
Determining if the _ui64toa exist failed with the following output:
Change Dir: /home/xinniw/Development/THESIS-sustainable_computing-dev/subtractive-joystick-demo/droid-project/app/.cxx/Debug/3y6l645h/arm64-v8a/CMakeFiles/CMakeTmp

Run Build Command(s):/home/xinniw/Android/Sdk/cmake/3.22.1/bin/ninja cmTC_5e423 && [1/2] Building C object CMakeFiles/cmTC_5e423.dir/CheckSymbolExists.c.o
FAILED: CMakeFiles/cmTC_5e423.dir/CheckSymbolExists.c.o 
/home/xinniw/Android/Sdk/ndk/21.4.7075529/toolchains/llvm/prebuilt/linux-x86_64/bin/clang --target=aarch64-none-linux-android21 --gcc-toolchain=/home/xinniw/Android/Sdk/ndk/21.4.7075529/toolchains/llvm/prebuilt/linux-x86_64 --sysroot=/home/xinniw/Android/Sdk/ndk/21.4.7075529/toolchains/llvm/prebuilt/linux-x86_64/sysroot   -g -DANDROID -fdata-sections -ffunction-sections -funwind-tables -fstack-protector-strong -no-canonical-prefixes -D_FORTIFY_SOURCE=2 -Wformat -Werror=format-security  -idirafter "/home/xinniw/Development/THESIS-sustainable_computing-dev/subtractive-joystick-demo/droid-project/app/jni/SDL2/src/video/khronos"  -D_GNU_SOURCE=1 -fPIE -MD -MT CMakeFiles/cmTC_5e423.dir/CheckSymbolExists.c.o -MF CMakeFiles/cmTC_5e423.dir/CheckSymbolExists.c.o.d -o CMakeFiles/cmTC_5e423.dir/CheckSymbolExists.c.o -c /home/xinniw/Development/THESIS-sustainable_computing-dev/subtractive-joystick-demo/droid-project/app/.cxx/Debug/3y6l645h/arm64-v8a/CMakeFiles/CMakeTmp/CheckSymbolExists.c
/home/xinniw/Development/THESIS-sustainable_computing-dev/subtractive-joystick-demo/droid-project/app/.cxx/Debug/3y6l645h/arm64-v8a/CMakeFiles/CMakeTmp/CheckSymbolExists.c:14:19: error: use of undeclared identifier '_ui64toa'
  return ((int*)(&_ui64toa))[argc];
                  ^
1 error generated.
ninja: build stopped: subcommand failed.


File /home/xinniw/Development/THESIS-sustainable_computing-dev/subtractive-joystick-demo/droid-project/app/.cxx/Debug/3y6l645h/arm64-v8a/CMakeFiles/CMakeTmp/CheckSymbolExists.c:
/* */
#include <stddef.h>
#include <stdarg.h>
#include <stdlib.h>
#include <string.h>
#include <stdio.h>
#include <wchar.h>
#include <float.h>

int main(int argc, char** argv)
{
  (void)argv;
#ifndef _ui64toa
  return ((int*)(&_ui64toa))[argc];
#else
  (void)argc;
  return 0;
#endif
}
Determining if the _stricmp exist failed with the following output:
Change Dir: /home/xinniw/Development/THESIS-sustainable_computing-dev/subtractive-joystick-demo/droid-project/app/.cxx/Debug/3y6l645h/arm64-v8a/CMakeFiles/CMakeTmp

Run Build Command(s):/home/xinniw/Android/Sdk/cmake/3.22.1/bin/ninja cmTC_b1379 && [1/2] Building C object CMakeFiles/cmTC_b1379.dir/CheckSymbolExists.c.o
FAILED: CMakeFiles/cmTC_b1379.dir/CheckSymbolExists.c.o 
/home/xinniw/Android/Sdk/ndk/21.4.7075529/toolchains/llvm/prebuilt/linux-x86_64/bin/clang --target=aarch64-none-linux-android21 --gcc-toolchain=/home/xinniw/Android/Sdk/ndk/21.4.7075529/toolchains/llvm/prebuilt/linux-x86_64 --sysroot=/home/xinniw/Android/Sdk/ndk/21.4.7075529/toolchains/llvm/prebuilt/linux-x86_64/sysroot   -g -DANDROID -fdata-sections -ffunction-sections -funwind-tables -fstack-protector-strong -no-canonical-prefixes -D_FORTIFY_SOURCE=2 -Wformat -Werror=format-security  -idirafter "/home/xinniw/Development/THESIS-sustainable_computing-dev/subtractive-joystick-demo/droid-project/app/jni/SDL2/src/video/khronos"  -D_GNU_SOURCE=1 -fPIE -MD -MT CMakeFiles/cmTC_b1379.dir/CheckSymbolExists.c.o -MF CMakeFiles/cmTC_b1379.dir/CheckSymbolExists.c.o.d -o CMakeFiles/cmTC_b1379.dir/CheckSymbolExists.c.o -c /home/xinniw/Development/THESIS-sustainable_computing-dev/subtractive-joystick-demo/droid-project/app/.cxx/Debug/3y6l645h/arm64-v8a/CMakeFiles/CMakeTmp/CheckSymbolExists.c
/home/xinniw/Development/THESIS-sustainable_computing-dev/subtractive-joystick-demo/droid-project/app/.cxx/Debug/3y6l645h/arm64-v8a/CMakeFiles/CMakeTmp/CheckSymbolExists.c:14:19: error: use of undeclared identifier '_stricmp'
  return ((int*)(&_stricmp))[argc];
                  ^
1 error generated.
ninja: build stopped: subcommand failed.


File /home/xinniw/Development/THESIS-sustainable_computing-dev/subtractive-joystick-demo/droid-project/app/.cxx/Debug/3y6l645h/arm64-v8a/CMakeFiles/CMakeTmp/CheckSymbolExists.c:
/* */
#include <stddef.h>
#include <stdarg.h>
#include <stdlib.h>
#include <string.h>
#include <stdio.h>
#include <wchar.h>
#include <float.h>

int main(int argc, char** argv)
{
  (void)argv;
#ifndef _stricmp
  return ((int*)(&_stricmp))[argc];
#else
  (void)argc;
  return 0;
#endif
}
Determining if the _strnicmp exist failed with the following output:
Change Dir: /home/xinniw/Development/THESIS-sustainable_computing-dev/subtractive-joystick-demo/droid-project/app/.cxx/Debug/3y6l645h/arm64-v8a/CMakeFiles/CMakeTmp

Run Build Command(s):/home/xinniw/Android/Sdk/cmake/3.22.1/bin/ninja cmTC_cadd5 && [1/2] Building C object CMakeFiles/cmTC_cadd5.dir/CheckSymbolExists.c.o
FAILED: CMakeFiles/cmTC_cadd5.dir/CheckSymbolExists.c.o 
/home/xinniw/Android/Sdk/ndk/21.4.7075529/toolchains/llvm/prebuilt/linux-x86_64/bin/clang --target=aarch64-none-linux-android21 --gcc-toolchain=/home/xinniw/Android/Sdk/ndk/21.4.7075529/toolchains/llvm/prebuilt/linux-x86_64 --sysroot=/home/xinniw/Android/Sdk/ndk/21.4.7075529/toolchains/llvm/prebuilt/linux-x86_64/sysroot   -g -DANDROID -fdata-sections -ffunction-sections -funwind-tables -fstack-protector-strong -no-canonical-prefixes -D_FORTIFY_SOURCE=2 -Wformat -Werror=format-security  -idirafter "/home/xinniw/Development/THESIS-sustainable_computing-dev/subtractive-joystick-demo/droid-project/app/jni/SDL2/src/video/khronos"  -D_GNU_SOURCE=1 -fPIE -MD -MT CMakeFiles/cmTC_cadd5.dir/CheckSymbolExists.c.o -MF CMakeFiles/cmTC_cadd5.dir/CheckSymbolExists.c.o.d -o CMakeFiles/cmTC_cadd5.dir/CheckSymbolExists.c.o -c /home/xinniw/Development/THESIS-sustainable_computing-dev/subtractive-joystick-demo/droid-project/app/.cxx/Debug/3y6l645h/arm64-v8a/CMakeFiles/CMakeTmp/CheckSymbolExists.c
/home/xinniw/Development/THESIS-sustainable_computing-dev/subtractive-joystick-demo/droid-project/app/.cxx/Debug/3y6l645h/arm64-v8a/CMakeFiles/CMakeTmp/CheckSymbolExists.c:14:19: error: use of undeclared identifier '_strnicmp'; did you mean 'strncmp'?
  return ((int*)(&_strnicmp))[argc];
                  ^~~~~~~~~
                  strncmp
/home/xinniw/Android/Sdk/ndk/21.4.7075529/toolchains/llvm/prebuilt/linux-x86_64/sysroot/usr/include/string.h:137:5: note: 'strncmp' declared here
int strncmp(const char* __lhs, const char* __rhs, size_t __n) __attribute_pure__;
    ^
1 error generated.
ninja: build stopped: subcommand failed.


File /home/xinniw/Development/THESIS-sustainable_computing-dev/subtractive-joystick-demo/droid-project/app/.cxx/Debug/3y6l645h/arm64-v8a/CMakeFiles/CMakeTmp/CheckSymbolExists.c:
/* */
#include <stddef.h>
#include <stdarg.h>
#include <stdlib.h>
#include <string.h>
#include <stdio.h>
#include <wchar.h>
#include <float.h>

int main(int argc, char** argv)
{
  (void)argv;
#ifndef _strnicmp
  return ((int*)(&_strnicmp))[argc];
#else
  (void)argc;
  return 0;
#endif
}
Determining if the _wcsdup exist failed with the following output:
Change Dir: /home/xinniw/Development/THESIS-sustainable_computing-dev/subtractive-joystick-demo/droid-project/app/.cxx/Debug/3y6l645h/arm64-v8a/CMakeFiles/CMakeTmp

Run Build Command(s):/home/xinniw/Android/Sdk/cmake/3.22.1/bin/ninja cmTC_fe53f && [1/2] Building C object CMakeFiles/cmTC_fe53f.dir/CheckSymbolExists.c.o
FAILED: CMakeFiles/cmTC_fe53f.dir/CheckSymbolExists.c.o 
/home/xinniw/Android/Sdk/ndk/21.4.7075529/toolchains/llvm/prebuilt/linux-x86_64/bin/clang --target=aarch64-none-linux-android21 --gcc-toolchain=/home/xinniw/Android/Sdk/ndk/21.4.7075529/toolchains/llvm/prebuilt/linux-x86_64 --sysroot=/home/xinniw/Android/Sdk/ndk/21.4.7075529/toolchains/llvm/prebuilt/linux-x86_64/sysroot   -g -DANDROID -fdata-sections -ffunction-sections -funwind-tables -fstack-protector-strong -no-canonical-prefixes -D_FORTIFY_SOURCE=2 -Wformat -Werror=format-security  -idirafter "/home/xinniw/Development/THESIS-sustainable_computing-dev/subtractive-joystick-demo/droid-project/app/jni/SDL2/src/video/khronos"  -D_GNU_SOURCE=1 -fPIE -MD -MT CMakeFiles/cmTC_fe53f.dir/CheckSymbolExists.c.o -MF CMakeFiles/cmTC_fe53f.dir/CheckSymbolExists.c.o.d -o CMakeFiles/cmTC_fe53f.dir/CheckSymbolExists.c.o -c /home/xinniw/Development/THESIS-sustainable_computing-dev/subtractive-joystick-demo/droid-project/app/.cxx/Debug/3y6l645h/arm64-v8a/CMakeFiles/CMakeTmp/CheckSymbolExists.c
/home/xinniw/Development/THESIS-sustainable_computing-dev/subtractive-joystick-demo/droid-project/app/.cxx/Debug/3y6l645h/arm64-v8a/CMakeFiles/CMakeTmp/CheckSymbolExists.c:14:19: error: use of undeclared identifier '_wcsdup'; did you mean 'wcsdup'?
  return ((int*)(&_wcsdup))[argc];
                  ^~~~~~~
                  wcsdup
/home/xinniw/Android/Sdk/ndk/21.4.7075529/toolchains/llvm/prebuilt/linux-x86_64/sysroot/usr/include/wchar.h:208:10: note: 'wcsdup' declared here
wchar_t* wcsdup(const wchar_t* __s);
         ^
1 error generated.
ninja: build stopped: subcommand failed.


File /home/xinniw/Development/THESIS-sustainable_computing-dev/subtractive-joystick-demo/droid-project/app/.cxx/Debug/3y6l645h/arm64-v8a/CMakeFiles/CMakeTmp/CheckSymbolExists.c:
/* */
#include <stddef.h>
#include <stdarg.h>
#include <stdlib.h>
#include <string.h>
#include <stdio.h>
#include <wchar.h>
#include <float.h>

int main(int argc, char** argv)
{
  (void)argv;
#ifndef _wcsdup
  return ((int*)(&_wcsdup))[argc];
#else
  (void)argc;
  return 0;
#endif
}
Determining if the _wcsicmp exist failed with the following output:
Change Dir: /home/xinniw/Development/THESIS-sustainable_computing-dev/subtractive-joystick-demo/droid-project/app/.cxx/Debug/3y6l645h/arm64-v8a/CMakeFiles/CMakeTmp

Run Build Command(s):/home/xinniw/Android/Sdk/cmake/3.22.1/bin/ninja cmTC_8af20 && [1/2] Building C object CMakeFiles/cmTC_8af20.dir/CheckSymbolExists.c.o
FAILED: CMakeFiles/cmTC_8af20.dir/CheckSymbolExists.c.o 
/home/xinniw/Android/Sdk/ndk/21.4.7075529/toolchains/llvm/prebuilt/linux-x86_64/bin/clang --target=aarch64-none-linux-android21 --gcc-toolchain=/home/xinniw/Android/Sdk/ndk/21.4.7075529/toolchains/llvm/prebuilt/linux-x86_64 --sysroot=/home/xinniw/Android/Sdk/ndk/21.4.7075529/toolchains/llvm/prebuilt/linux-x86_64/sysroot   -g -DANDROID -fdata-sections -ffunction-sections -funwind-tables -fstack-protector-strong -no-canonical-prefixes -D_FORTIFY_SOURCE=2 -Wformat -Werror=format-security  -idirafter "/home/xinniw/Development/THESIS-sustainable_computing-dev/subtractive-joystick-demo/droid-project/app/jni/SDL2/src/video/khronos"  -D_GNU_SOURCE=1 -fPIE -MD -MT CMakeFiles/cmTC_8af20.dir/CheckSymbolExists.c.o -MF CMakeFiles/cmTC_8af20.dir/CheckSymbolExists.c.o.d -o CMakeFiles/cmTC_8af20.dir/CheckSymbolExists.c.o -c /home/xinniw/Development/THESIS-sustainable_computing-dev/subtractive-joystick-demo/droid-project/app/.cxx/Debug/3y6l645h/arm64-v8a/CMakeFiles/CMakeTmp/CheckSymbolExists.c
/home/xinniw/Development/THESIS-sustainable_computing-dev/subtractive-joystick-demo/droid-project/app/.cxx/Debug/3y6l645h/arm64-v8a/CMakeFiles/CMakeTmp/CheckSymbolExists.c:14:19: error: use of undeclared identifier '_wcsicmp'
  return ((int*)(&_wcsicmp))[argc];
                  ^
1 error generated.
ninja: build stopped: subcommand failed.


File /home/xinniw/Development/THESIS-sustainable_computing-dev/subtractive-joystick-demo/droid-project/app/.cxx/Debug/3y6l645h/arm64-v8a/CMakeFiles/CMakeTmp/CheckSymbolExists.c:
/* */
#include <stddef.h>
#include <stdarg.h>
#include <stdlib.h>
#include <string.h>
#include <stdio.h>
#include <wchar.h>
#include <float.h>

int main(int argc, char** argv)
{
  (void)argv;
#ifndef _wcsicmp
  return ((int*)(&_wcsicmp))[argc];
#else
  (void)argc;
  return 0;
#endif
}
Determining if the _wcsnicmp exist failed with the following output:
Change Dir: /home/xinniw/Development/THESIS-sustainable_computing-dev/subtractive-joystick-demo/droid-project/app/.cxx/Debug/3y6l645h/arm64-v8a/CMakeFiles/CMakeTmp

Run Build Command(s):/home/xinniw/Android/Sdk/cmake/3.22.1/bin/ninja cmTC_7ece5 && [1/2] Building C object CMakeFiles/cmTC_7ece5.dir/CheckSymbolExists.c.o
FAILED: CMakeFiles/cmTC_7ece5.dir/CheckSymbolExists.c.o 
/home/xinniw/Android/Sdk/ndk/21.4.7075529/toolchains/llvm/prebuilt/linux-x86_64/bin/clang --target=aarch64-none-linux-android21 --gcc-toolchain=/home/xinniw/Android/Sdk/ndk/21.4.7075529/toolchains/llvm/prebuilt/linux-x86_64 --sysroot=/home/xinniw/Android/Sdk/ndk/21.4.7075529/toolchains/llvm/prebuilt/linux-x86_64/sysroot   -g -DANDROID -fdata-sections -ffunction-sections -funwind-tables -fstack-protector-strong -no-canonical-prefixes -D_FORTIFY_SOURCE=2 -Wformat -Werror=format-security  -idirafter "/home/xinniw/Development/THESIS-sustainable_computing-dev/subtractive-joystick-demo/droid-project/app/jni/SDL2/src/video/khronos"  -D_GNU_SOURCE=1 -fPIE -MD -MT CMakeFiles/cmTC_7ece5.dir/CheckSymbolExists.c.o -MF CMakeFiles/cmTC_7ece5.dir/CheckSymbolExists.c.o.d -o CMakeFiles/cmTC_7ece5.dir/CheckSymbolExists.c.o -c /home/xinniw/Development/THESIS-sustainable_computing-dev/subtractive-joystick-demo/droid-project/app/.cxx/Debug/3y6l645h/arm64-v8a/CMakeFiles/CMakeTmp/CheckSymbolExists.c
/home/xinniw/Development/THESIS-sustainable_computing-dev/subtractive-joystick-demo/droid-project/app/.cxx/Debug/3y6l645h/arm64-v8a/CMakeFiles/CMakeTmp/CheckSymbolExists.c:14:19: error: use of undeclared identifier '_wcsnicmp'; did you mean 'wcsncmp'?
  return ((int*)(&_wcsnicmp))[argc];
                  ^~~~~~~~~
                  wcsncmp
/home/xinniw/Android/Sdk/ndk/21.4.7075529/toolchains/llvm/prebuilt/linux-x86_64/sysroot/usr/include/wchar.h:117:5: note: 'wcsncmp' declared here
int wcsncmp(const wchar_t* __lhs, const wchar_t* __rhs, size_t __n);
    ^
1 error generated.
ninja: build stopped: subcommand failed.


File /home/xinniw/Development/THESIS-sustainable_computing-dev/subtractive-joystick-demo/droid-project/app/.cxx/Debug/3y6l645h/arm64-v8a/CMakeFiles/CMakeTmp/CheckSymbolExists.c:
/* */
#include <stddef.h>
#include <stdarg.h>
#include <stdlib.h>
#include <string.h>
#include <stdio.h>
#include <wchar.h>
#include <float.h>

int main(int argc, char** argv)
{
  (void)argv;
#ifndef _wcsnicmp
  return ((int*)(&_wcsnicmp))[argc];
#else
  (void)argc;
  return 0;
#endif
}
Determining if the fopen64 exist failed with the following output:
Change Dir: /home/xinniw/Development/THESIS-sustainable_computing-dev/subtractive-joystick-demo/droid-project/app/.cxx/Debug/3y6l645h/arm64-v8a/CMakeFiles/CMakeTmp

Run Build Command(s):/home/xinniw/Android/Sdk/cmake/3.22.1/bin/ninja cmTC_4ef99 && [1/2] Building C object CMakeFiles/cmTC_4ef99.dir/CheckSymbolExists.c.o
FAILED: CMakeFiles/cmTC_4ef99.dir/CheckSymbolExists.c.o 
/home/xinniw/Android/Sdk/ndk/21.4.7075529/toolchains/llvm/prebuilt/linux-x86_64/bin/clang --target=aarch64-none-linux-android21 --gcc-toolchain=/home/xinniw/Android/Sdk/ndk/21.4.7075529/toolchains/llvm/prebuilt/linux-x86_64 --sysroot=/home/xinniw/Android/Sdk/ndk/21.4.7075529/toolchains/llvm/prebuilt/linux-x86_64/sysroot   -g -DANDROID -fdata-sections -ffunction-sections -funwind-tables -fstack-protector-strong -no-canonical-prefixes -D_FORTIFY_SOURCE=2 -Wformat -Werror=format-security  -idirafter "/home/xinniw/Development/THESIS-sustainable_computing-dev/subtractive-joystick-demo/droid-project/app/jni/SDL2/src/video/khronos"  -D_GNU_SOURCE=1 -fPIE -MD -MT CMakeFiles/cmTC_4ef99.dir/CheckSymbolExists.c.o -MF CMakeFiles/cmTC_4ef99.dir/CheckSymbolExists.c.o.d -o CMakeFiles/cmTC_4ef99.dir/CheckSymbolExists.c.o -c /home/xinniw/Development/THESIS-sustainable_computing-dev/subtractive-joystick-demo/droid-project/app/.cxx/Debug/3y6l645h/arm64-v8a/CMakeFiles/CMakeTmp/CheckSymbolExists.c
/home/xinniw/Development/THESIS-sustainable_computing-dev/subtractive-joystick-demo/droid-project/app/.cxx/Debug/3y6l645h/arm64-v8a/CMakeFiles/CMakeTmp/CheckSymbolExists.c:14:19: error: use of undeclared identifier 'fopen64'; did you mean 'fopen'?
  return ((int*)(&fopen64))[argc];
                  ^~~~~~~
                  fopen
/home/xinniw/Android/Sdk/ndk/21.4.7075529/toolchains/llvm/prebuilt/linux-x86_64/sysroot/usr/include/stdio.h:280:7: note: 'fopen' declared here
FILE* fopen(const char* __path, const char* __mode);
      ^
1 error generated.
ninja: build stopped: subcommand failed.


File /home/xinniw/Development/THESIS-sustainable_computing-dev/subtractive-joystick-demo/droid-project/app/.cxx/Debug/3y6l645h/arm64-v8a/CMakeFiles/CMakeTmp/CheckSymbolExists.c:
/* */
#include <stddef.h>
#include <stdarg.h>
#include <stdlib.h>
#include <string.h>
#include <stdio.h>
#include <wchar.h>
#include <float.h>

int main(int argc, char** argv)
{
  (void)argv;
#ifndef fopen64
  return ((int*)(&fopen64))[argc];
#else
  (void)argc;
  return 0;
#endif
}
Determining if the fseeko64 exist failed with the following output:
Change Dir: /home/xinniw/Development/THESIS-sustainable_computing-dev/subtractive-joystick-demo/droid-project/app/.cxx/Debug/3y6l645h/arm64-v8a/CMakeFiles/CMakeTmp

Run Build Command(s):/home/xinniw/Android/Sdk/cmake/3.22.1/bin/ninja cmTC_20398 && [1/2] Building C object CMakeFiles/cmTC_20398.dir/CheckSymbolExists.c.o
FAILED: CMakeFiles/cmTC_20398.dir/CheckSymbolExists.c.o 
/home/xinniw/Android/Sdk/ndk/21.4.7075529/toolchains/llvm/prebuilt/linux-x86_64/bin/clang --target=aarch64-none-linux-android21 --gcc-toolchain=/home/xinniw/Android/Sdk/ndk/21.4.7075529/toolchains/llvm/prebuilt/linux-x86_64 --sysroot=/home/xinniw/Android/Sdk/ndk/21.4.7075529/toolchains/llvm/prebuilt/linux-x86_64/sysroot   -g -DANDROID -fdata-sections -ffunction-sections -funwind-tables -fstack-protector-strong -no-canonical-prefixes -D_FORTIFY_SOURCE=2 -Wformat -Werror=format-security  -idirafter "/home/xinniw/Development/THESIS-sustainable_computing-dev/subtractive-joystick-demo/droid-project/app/jni/SDL2/src/video/khronos"  -D_GNU_SOURCE=1 -fPIE -MD -MT CMakeFiles/cmTC_20398.dir/CheckSymbolExists.c.o -MF CMakeFiles/cmTC_20398.dir/CheckSymbolExists.c.o.d -o CMakeFiles/cmTC_20398.dir/CheckSymbolExists.c.o -c /home/xinniw/Development/THESIS-sustainable_computing-dev/subtractive-joystick-demo/droid-project/app/.cxx/Debug/3y6l645h/arm64-v8a/CMakeFiles/CMakeTmp/CheckSymbolExists.c
/home/xinniw/Development/THESIS-sustainable_computing-dev/subtractive-joystick-demo/droid-project/app/.cxx/Debug/3y6l645h/arm64-v8a/CMakeFiles/CMakeTmp/CheckSymbolExists.c:14:19: error: use of undeclared identifier 'fseeko64'; did you mean 'fseeko'?
  return ((int*)(&fseeko64))[argc];
                  ^~~~~~~~
                  fseeko
/home/xinniw/Android/Sdk/ndk/21.4.7075529/toolchains/llvm/prebuilt/linux-x86_64/sysroot/usr/include/stdio.h:250:5: note: 'fseeko' declared here
int fseeko(FILE* __fp, off_t __offset, int __whence);
    ^
1 error generated.
ninja: build stopped: subcommand failed.


File /home/xinniw/Development/THESIS-sustainable_computing-dev/subtractive-joystick-demo/droid-project/app/.cxx/Debug/3y6l645h/arm64-v8a/CMakeFiles/CMakeTmp/CheckSymbolExists.c:
/* */
#include <stddef.h>
#include <stdarg.h>
#include <stdlib.h>
#include <string.h>
#include <stdio.h>
#include <wchar.h>
#include <float.h>

int main(int argc, char** argv)
{
  (void)argv;
#ifndef fseeko64
  return ((int*)(&fseeko64))[argc];
#else
  (void)argc;
  return 0;
#endif
}
Determining if the sysctlbyname exist failed with the following output:
Change Dir: /home/xinniw/Development/THESIS-sustainable_computing-dev/subtractive-joystick-demo/droid-project/app/.cxx/Debug/3y6l645h/arm64-v8a/CMakeFiles/CMakeTmp

Run Build Command(s):/home/xinniw/Android/Sdk/cmake/3.22.1/bin/ninja cmTC_50dc8 && [1/2] Building C object CMakeFiles/cmTC_50dc8.dir/CheckSymbolExists.c.o
FAILED: CMakeFiles/cmTC_50dc8.dir/CheckSymbolExists.c.o 
/home/xinniw/Android/Sdk/ndk/21.4.7075529/toolchains/llvm/prebuilt/linux-x86_64/bin/clang --target=aarch64-none-linux-android21 --gcc-toolchain=/home/xinniw/Android/Sdk/ndk/21.4.7075529/toolchains/llvm/prebuilt/linux-x86_64 --sysroot=/home/xinniw/Android/Sdk/ndk/21.4.7075529/toolchains/llvm/prebuilt/linux-x86_64/sysroot   -g -DANDROID -fdata-sections -ffunction-sections -funwind-tables -fstack-protector-strong -no-canonical-prefixes -D_FORTIFY_SOURCE=2 -Wformat -Werror=format-security  -idirafter "/home/xinniw/Development/THESIS-sustainable_computing-dev/subtractive-joystick-demo/droid-project/app/jni/SDL2/src/video/khronos"  -D_GNU_SOURCE=1 -fPIE -MD -MT CMakeFiles/cmTC_50dc8.dir/CheckSymbolExists.c.o -MF CMakeFiles/cmTC_50dc8.dir/CheckSymbolExists.c.o.d -o CMakeFiles/cmTC_50dc8.dir/CheckSymbolExists.c.o -c /home/xinniw/Development/THESIS-sustainable_computing-dev/subtractive-joystick-demo/droid-project/app/.cxx/Debug/3y6l645h/arm64-v8a/CMakeFiles/CMakeTmp/CheckSymbolExists.c
/home/xinniw/Development/THESIS-sustainable_computing-dev/subtractive-joystick-demo/droid-project/app/.cxx/Debug/3y6l645h/arm64-v8a/CMakeFiles/CMakeTmp/CheckSymbolExists.c:3:10: fatal error: 'sys/sysctl.h' file not found
#include <sys/sysctl.h>
         ^~~~~~~~~~~~~~
1 error generated.
ninja: build stopped: subcommand failed.


File /home/xinniw/Development/THESIS-sustainable_computing-dev/subtractive-joystick-demo/droid-project/app/.cxx/Debug/3y6l645h/arm64-v8a/CMakeFiles/CMakeTmp/CheckSymbolExists.c:
/* */
#include <sys/types.h>
#include <sys/sysctl.h>

int main(int argc, char** argv)
{
  (void)argv;
#ifndef sysctlbyname
  return ((int*)(&sysctlbyname))[argc];
#else
  (void)argc;
  return 0;
#endif
}
Determining if the elf_aux_info exist failed with the following output:
Change Dir: /home/xinniw/Development/THESIS-sustainable_computing-dev/subtractive-joystick-demo/droid-project/app/.cxx/Debug/3y6l645h/arm64-v8a/CMakeFiles/CMakeTmp

Run Build Command(s):/home/xinniw/Android/Sdk/cmake/3.22.1/bin/ninja cmTC_7ae3f && [1/2] Building C object CMakeFiles/cmTC_7ae3f.dir/CheckSymbolExists.c.o
FAILED: CMakeFiles/cmTC_7ae3f.dir/CheckSymbolExists.c.o 
/home/xinniw/Android/Sdk/ndk/21.4.7075529/toolchains/llvm/prebuilt/linux-x86_64/bin/clang --target=aarch64-none-linux-android21 --gcc-toolchain=/home/xinniw/Android/Sdk/ndk/21.4.7075529/toolchains/llvm/prebuilt/linux-x86_64 --sysroot=/home/xinniw/Android/Sdk/ndk/21.4.7075529/toolchains/llvm/prebuilt/linux-x86_64/sysroot   -g -DANDROID -fdata-sections -ffunction-sections -funwind-tables -fstack-protector-strong -no-canonical-prefixes -D_FORTIFY_SOURCE=2 -Wformat -Werror=format-security  -idirafter "/home/xinniw/Development/THESIS-sustainable_computing-dev/subtractive-joystick-demo/droid-project/app/jni/SDL2/src/video/khronos"  -D_GNU_SOURCE=1 -fPIE -MD -MT CMakeFiles/cmTC_7ae3f.dir/CheckSymbolExists.c.o -MF CMakeFiles/cmTC_7ae3f.dir/CheckSymbolExists.c.o.d -o CMakeFiles/cmTC_7ae3f.dir/CheckSymbolExists.c.o -c /home/xinniw/Development/THESIS-sustainable_computing-dev/subtractive-joystick-demo/droid-project/app/.cxx/Debug/3y6l645h/arm64-v8a/CMakeFiles/CMakeTmp/CheckSymbolExists.c
/home/xinniw/Development/THESIS-sustainable_computing-dev/subtractive-joystick-demo/droid-project/app/.cxx/Debug/3y6l645h/arm64-v8a/CMakeFiles/CMakeTmp/CheckSymbolExists.c:8:19: error: use of undeclared identifier 'elf_aux_info'
  return ((int*)(&elf_aux_info))[argc];
                  ^
1 error generated.
ninja: build stopped: subcommand failed.


File /home/xinniw/Development/THESIS-sustainable_computing-dev/subtractive-joystick-demo/droid-project/app/.cxx/Debug/3y6l645h/arm64-v8a/CMakeFiles/CMakeTmp/CheckSymbolExists.c:
/* */
#include <sys/auxv.h>

int main(int argc, char** argv)
{
  (void)argv;
#ifndef elf_aux_info
  return ((int*)(&elf_aux_info))[argc];
#else
  (void)argc;
  return 0;
#endif
}
Determining if the function iconv_open exists in the iconv failed with the following output:
Change Dir: /home/xinniw/Development/THESIS-sustainable_computing-dev/subtractive-joystick-demo/droid-project/app/.cxx/Debug/3y6l645h/arm64-v8a/CMakeFiles/CMakeTmp

Run Build Command(s):/home/xinniw/Android/Sdk/cmake/3.22.1/bin/ninja cmTC_b735b && [1/2] Building C object CMakeFiles/cmTC_b735b.dir/CheckFunctionExists.c.o
[2/2] Linking C executable cmTC_b735b
FAILED: cmTC_b735b 
: && /home/xinniw/Android/Sdk/ndk/21.4.7075529/toolchains/llvm/prebuilt/linux-x86_64/bin/clang --target=aarch64-none-linux-android21 --gcc-toolchain=/home/xinniw/Android/Sdk/ndk/21.4.7075529/toolchains/llvm/prebuilt/linux-x86_64 --sysroot=/home/xinniw/Android/Sdk/ndk/21.4.7075529/toolchains/llvm/prebuilt/linux-x86_64/sysroot -g -DANDROID -fdata-sections -ffunction-sections -funwind-tables -fstack-protector-strong -no-canonical-prefixes -D_FORTIFY_SOURCE=2 -Wformat -Werror=format-security  -idirafter "/home/xinniw/Development/THESIS-sustainable_computing-dev/subtractive-joystick-demo/droid-project/app/jni/SDL2/src/video/khronos" -DCHECK_FUNCTION_EXISTS=iconv_open  -D_GNU_SOURCE=1 -Wl,--exclude-libs,libgcc.a -Wl,--exclude-libs,libgcc_real.a -Wl,--exclude-libs,libatomic.a -static-libstdc++ -Wl,--build-id -Wl,--fatal-warnings -Wl,--no-undefined -Qunused-arguments -Wl,--gc-sections CMakeFiles/cmTC_b735b.dir/CheckFunctionExists.c.o -o cmTC_b735b  -liconv  -latomic -lm && :
/home/xinniw/Android/Sdk/ndk/21.4.7075529/toolchains/llvm/prebuilt/linux-x86_64/lib/gcc/aarch64-linux-android/4.9.x/../../../../aarch64-linux-android/bin/ld: cannot find -liconv
clang: error: linker command failed with exit code 1 (use -v to see invocation)
ninja: build stopped: subcommand failed.



Determining if the function iconv_open exists in the c failed with the following output:
Change Dir: /home/xinniw/Development/THESIS-sustainable_computing-dev/subtractive-joystick-demo/droid-project/app/.cxx/Debug/3y6l645h/arm64-v8a/CMakeFiles/CMakeTmp

Run Build Command(s):/home/xinniw/Android/Sdk/cmake/3.22.1/bin/ninja cmTC_ffc22 && [1/2] Building C object CMakeFiles/cmTC_ffc22.dir/CheckFunctionExists.c.o
[2/2] Linking C executable cmTC_ffc22
FAILED: cmTC_ffc22 
: && /home/xinniw/Android/Sdk/ndk/21.4.7075529/toolchains/llvm/prebuilt/linux-x86_64/bin/clang --target=aarch64-none-linux-android21 --gcc-toolchain=/home/xinniw/Android/Sdk/ndk/21.4.7075529/toolchains/llvm/prebuilt/linux-x86_64 --sysroot=/home/xinniw/Android/Sdk/ndk/21.4.7075529/toolchains/llvm/prebuilt/linux-x86_64/sysroot -g -DANDROID -fdata-sections -ffunction-sections -funwind-tables -fstack-protector-strong -no-canonical-prefixes -D_FORTIFY_SOURCE=2 -Wformat -Werror=format-security  -idirafter "/home/xinniw/Development/THESIS-sustainable_computing-dev/subtractive-joystick-demo/droid-project/app/jni/SDL2/src/video/khronos" -DCHECK_FUNCTION_EXISTS=iconv_open  -D_GNU_SOURCE=1 -Wl,--exclude-libs,libgcc.a -Wl,--exclude-libs,libgcc_real.a -Wl,--exclude-libs,libatomic.a -static-libstdc++ -Wl,--build-id -Wl,--fatal-warnings -Wl,--no-undefined -Qunused-arguments -Wl,--gc-sections CMakeFiles/cmTC_ffc22.dir/CheckFunctionExists.c.o -o cmTC_ffc22  -lc  -latomic -lm && :
CMakeFiles/cmTC_ffc22.dir/CheckFunctionExists.c.o: In function `main':
/home/xinniw/Android/Sdk/cmake/3.22.1/share/cmake-3.22/Modules/CheckFunctionExists.c:17: undefined reference to `iconv_open'
clang: error: linker command failed with exit code 1 (use -v to see invocation)
ninja: build stopped: subcommand failed.



Determining if the alloca exist failed with the following output:
Change Dir: /home/xinniw/Development/THESIS-sustainable_computing-dev/subtractive-joystick-demo/droid-project/app/.cxx/Debug/3y6l645h/arm64-v8a/CMakeFiles/CMakeTmp

Run Build Command(s):/home/xinniw/Android/Sdk/cmake/3.22.1/bin/ninja cmTC_ff4fc && [1/2] Building C object CMakeFiles/cmTC_ff4fc.dir/CheckSymbolExists.c.o
/home/xinniw/Development/THESIS-sustainable_computing-dev/subtractive-joystick-demo/droid-project/app/.cxx/Debug/3y6l645h/arm64-v8a/CMakeFiles/CMakeTmp/CheckSymbolExists.c:8:19: warning: implicitly declaring library function 'alloca' with type 'void *(unsigned long)' [-Wimplicit-function-declaration]
  return ((int*)(&alloca))[argc];
                  ^
/home/xinniw/Development/THESIS-sustainable_computing-dev/subtractive-joystick-demo/droid-project/app/.cxx/Debug/3y6l645h/arm64-v8a/CMakeFiles/CMakeTmp/CheckSymbolExists.c:8:19: note: include the header <stdlib.h> or explicitly provide a declaration for 'alloca'
1 warning generated.
[2/2] Linking C executable cmTC_ff4fc
FAILED: cmTC_ff4fc 
: && /home/xinniw/Android/Sdk/ndk/21.4.7075529/toolchains/llvm/prebuilt/linux-x86_64/bin/clang --target=aarch64-none-linux-android21 --gcc-toolchain=/home/xinniw/Android/Sdk/ndk/21.4.7075529/toolchains/llvm/prebuilt/linux-x86_64 --sysroot=/home/xinniw/Android/Sdk/ndk/21.4.7075529/toolchains/llvm/prebuilt/linux-x86_64/sysroot -g -DANDROID -fdata-sections -ffunction-sections -funwind-tables -fstack-protector-strong -no-canonical-prefixes -D_FORTIFY_SOURCE=2 -Wformat -Werror=format-security  -idirafter "/home/xinniw/Development/THESIS-sustainable_computing-dev/subtractive-joystick-demo/droid-project/app/jni/SDL2/src/video/khronos"  -D_GNU_SOURCE=1 -Wl,--exclude-libs,libgcc.a -Wl,--exclude-libs,libgcc_real.a -Wl,--exclude-libs,libatomic.a -static-libstdc++ -Wl,--build-id -Wl,--fatal-warnings -Wl,--no-undefined -Qunused-arguments -Wl,--gc-sections CMakeFiles/cmTC_ff4fc.dir/CheckSymbolExists.c.o -o cmTC_ff4fc  -latomic -lm && :
CMakeFiles/cmTC_ff4fc.dir/CheckSymbolExists.c.o: In function `main':
/home/xinniw/Development/THESIS-sustainable_computing-dev/subtractive-joystick-demo/droid-project/app/.cxx/Debug/3y6l645h/arm64-v8a/CMakeFiles/CMakeTmp/CheckSymbolExists.c:(.text.main+0x4): undefined reference to `alloca'
/home/xinniw/Development/THESIS-sustainable_computing-dev/subtractive-joystick-demo/droid-project/app/.cxx/Debug/3y6l645h/arm64-v8a/CMakeFiles/CMakeTmp/CheckSymbolExists.c:(.text.main+0x8): undefined reference to `alloca'
clang: error: linker command failed with exit code 1 (use -v to see invocation)
ninja: build stopped: subcommand failed.


File /home/xinniw/Development/THESIS-sustainable_computing-dev/subtractive-joystick-demo/droid-project/app/.cxx/Debug/3y6l645h/arm64-v8a/CMakeFiles/CMakeTmp/CheckSymbolExists.c:
/* */
#include <malloc.h>

int main(int argc, char** argv)
{
  (void)argv;
#ifndef alloca
  return ((int*)(&alloca))[argc];
#else
  (void)argc;
  return 0;
#endif
}
Performing C SOURCE FILE Test HAVE_ARM_MODE failed with the following output:
Change Dir: /home/xinniw/Development/THESIS-sustainable_computing-dev/subtractive-joystick-demo/droid-project/app/.cxx/Debug/3y6l645h/arm64-v8a/CMakeFiles/CMakeTmp

Run Build Command(s):/home/xinniw/Android/Sdk/cmake/3.22.1/bin/ninja cmTC_169ba && [1/2] Building C object CMakeFiles/cmTC_169ba.dir/src.c.o
FAILED: CMakeFiles/cmTC_169ba.dir/src.c.o 
/home/xinniw/Android/Sdk/ndk/21.4.7075529/toolchains/llvm/prebuilt/linux-x86_64/bin/clang --target=aarch64-none-linux-android21 --gcc-toolchain=/home/xinniw/Android/Sdk/ndk/21.4.7075529/toolchains/llvm/prebuilt/linux-x86_64 --sysroot=/home/xinniw/Android/Sdk/ndk/21.4.7075529/toolchains/llvm/prebuilt/linux-x86_64/sysroot -DHAVE_ARM_MODE  -g -DANDROID -fdata-sections -ffunction-sections -funwind-tables -fstack-protector-strong -no-canonical-prefixes -D_FORTIFY_SOURCE=2 -Wformat -Werror=format-security  -idirafter "/home/xinniw/Development/THESIS-sustainable_computing-dev/subtractive-joystick-demo/droid-project/app/jni/SDL2/src/video/khronos" -Werror=unused-command-line-argument -fPIE   -marm -MD -MT CMakeFiles/cmTC_169ba.dir/src.c.o -MF CMakeFiles/cmTC_169ba.dir/src.c.o.d -o CMakeFiles/cmTC_169ba.dir/src.c.o -c /home/xinniw/Development/THESIS-sustainable_computing-dev/subtractive-joystick-demo/droid-project/app/.cxx/Debug/3y6l645h/arm64-v8a/CMakeFiles/CMakeTmp/src.c
clang: error: argument unused during compilation: '-marm' [-Werror,-Wunused-command-line-argument]
ninja: build stopped: subcommand failed.


Source file was:
int main(void) { return 0; }
Determining if files pthread_np.h exist failed with the following output:
Change Dir: /home/xinniw/Development/THESIS-sustainable_computing-dev/subtractive-joystick-demo/droid-project/app/.cxx/Debug/3y6l645h/arm64-v8a/CMakeFiles/CMakeTmp

Run Build Command(s):/home/xinniw/Android/Sdk/cmake/3.22.1/bin/ninja cmTC_ab1f1 && [1/2] Building C object CMakeFiles/cmTC_ab1f1.dir/HAVE_PTHREAD_NP_H.c.o
FAILED: CMakeFiles/cmTC_ab1f1.dir/HAVE_PTHREAD_NP_H.c.o 
/home/xinniw/Android/Sdk/ndk/21.4.7075529/toolchains/llvm/prebuilt/linux-x86_64/bin/clang --target=aarch64-none-linux-android21 --gcc-toolchain=/home/xinniw/Android/Sdk/ndk/21.4.7075529/toolchains/llvm/prebuilt/linux-x86_64 --sysroot=/home/xinniw/Android/Sdk/ndk/21.4.7075529/toolchains/llvm/prebuilt/linux-x86_64/sysroot   -g -DANDROID -fdata-sections -ffunction-sections -funwind-tables -fstack-protector-strong -no-canonical-prefixes -D_FORTIFY_SOURCE=2 -Wformat -Werror=format-security  -idirafter "/home/xinniw/Development/THESIS-sustainable_computing-dev/subtractive-joystick-demo/droid-project/app/jni/SDL2/src/video/khronos"  -D_GNU_SOURCE=1 -fPIE -MD -MT CMakeFiles/cmTC_ab1f1.dir/HAVE_PTHREAD_NP_H.c.o -MF CMakeFiles/cmTC_ab1f1.dir/HAVE_PTHREAD_NP_H.c.o.d -o CMakeFiles/cmTC_ab1f1.dir/HAVE_PTHREAD_NP_H.c.o -c /home/xinniw/Development/THESIS-sustainable_computing-dev/subtractive-joystick-demo/droid-project/app/.cxx/Debug/3y6l645h/arm64-v8a/CMakeFiles/CheckIncludeFiles/HAVE_PTHREAD_NP_H.c
/home/xinniw/Development/THESIS-sustainable_computing-dev/subtractive-joystick-demo/droid-project/app/.cxx/Debug/3y6l645h/arm64-v8a/CMakeFiles/CheckIncludeFiles/HAVE_PTHREAD_NP_H.c:2:10: fatal error: 'pthread_np.h' file not found
#include <pthread_np.h>
         ^~~~~~~~~~~~~~
1 error generated.
ninja: build stopped: subcommand failed.


Source:
/* */
#include <pthread_np.h>


int main(void){return 0;}

